#options: 480x360 fps=30000/1001 timebase=1001/30000 bitdepth=8 cabac=1 ref=1 deblock=1:0:0 analyse=0x1:0 me=dia subme=2 psy=1 psy_rd=1.00:0.00 mixed_ref=0 me_range=16 chroma_me=1 trellis=0 8x8dct=0 cqm=0 deadzone=21,11 fast_pskip=1 chroma_qp_offset=0 threads=4 lookahead_threads=1 sliced_threads=0 nr=0 decimate=1 interlaced=0 bluray_compat=0 constrained_intra=0 bframes=3 b_pyramid=2 b_adapt=1 b_bias=0 direct=1 weightb=1 open_gop=0 weightp=2 keyint=250 keyint_min=25 scenecut=40 intra_refresh=0 rc_lookahead=40 rc=abr mbtree=1 bitrate=1000 ratetol=1.0 qcomp=0.60 qpmin=0 qpmax=69 qpstep=4 ip_ratio=1.41 aq=1:1.00
in:0 out:0 type:I dur:2 cpbdur:2 q:28.81 aq:23.17 tex:54782 mv:10547 misc:6007 imb:690 pmb:0 smb:0 d:- ref:;
in:1 out:1 type:P dur:2 cpbdur:2 q:28.81 aq:23.51 tex:814 mv:180 misc:366 imb:8 pmb:29 smb:653 d:- ref:0 ;
in:2 out:2 type:P dur:2 cpbdur:2 q:28.81 aq:23.33 tex:12191 mv:3522 misc:631 imb:107 pmb:390 smb:193 d:- ref:0 ;
in:3 out:3 type:P dur:2 cpbdur:2 q:28.81 aq:24.69 tex:9360 mv:3240 misc:712 imb:57 pmb:360 smb:273 d:- ref:0 ;
in:4 out:4 type:P dur:2 cpbdur:2 q:32.81 aq:27.45 tex:5207 mv:3156 misc:701 imb:79 pmb:316 smb:295 d:- ref:0 ;
in:5 out:5 type:P dur:2 cpbdur:2 q:29.33 aq:23.55 tex:14266 mv:4085 misc:601 imb:149 pmb:377 smb:164 d:- ref:0 ;
in:6 out:6 type:P dur:2 cpbdur:2 q:28.01 aq:22.70 tex:21022 mv:4495 misc:555 imb:156 pmb:386 smb:148 d:- ref:0 ;
in:7 out:7 type:P dur:2 cpbdur:2 q:26.88 aq:22.74 tex:23311 mv:4471 misc:554 imb:139 pmb:408 smb:143 d:- ref:0 ;
in:8 out:8 type:P dur:2 cpbdur:2 q:26.07 aq:22.53 tex:24489 mv:4770 misc:525 imb:117 pmb:434 smb:139 d:- ref:0 ;
in:9 out:9 type:P dur:2 cpbdur:2 q:25.76 aq:21.40 tex:22574 mv:4362 misc:608 imb:109 pmb:406 smb:175 d:- ref:0 ;
in:10 out:10 type:P dur:2 cpbdur:2 q:25.71 aq:21.02 tex:24404 mv:4289 misc:619 imb:118 pmb:403 smb:169 d:- ref:0 ;
in:11 out:11 type:P dur:2 cpbdur:2 q:25.62 aq:22.95 tex:16553 mv:3921 misc:670 imb:86 pmb:379 smb:225 d:- ref:0 ;
in:12 out:12 type:P dur:2 cpbdur:2 q:25.52 aq:24.25 tex:15347 mv:3435 misc:698 imb:73 pmb:338 smb:279 d:- ref:0 ;
in:13 out:13 type:P dur:2 cpbdur:2 q:25.34 aq:18.63 tex:73229 mv:5624 misc:131 imb:467 pmb:223 smb:0 d:- ref:0 ;
in:14 out:14 type:P dur:2 cpbdur:2 q:25.23 aq:19.71 tex:26813 mv:4843 misc:568 imb:118 pmb:416 smb:156 d:- ref:0 ;
in:15 out:15 type:P dur:2 cpbdur:2 q:24.93 aq:19.17 tex:29162 mv:4398 misc:576 imb:132 pmb:398 smb:160 d:- ref:0 ;
in:16 out:16 type:P dur:2 cpbdur:2 q:24.61 aq:18.81 tex:33789 mv:4873 misc:602 imb:102 pmb:436 smb:152 d:- ref:0 ;
in:17 out:17 type:P dur:2 cpbdur:2 q:25.60 aq:21.94 tex:18995 mv:3923 misc:690 imb:46 pmb:436 smb:208 d:- ref:0 ;
in:18 out:18 type:P dur:2 cpbdur:2 q:25.54 aq:21.23 tex:30413 mv:4534 misc:645 imb:101 pmb:414 smb:175 d:- ref:0 ;
in:19 out:19 type:P dur:2 cpbdur:2 q:25.50 aq:20.50 tex:26498 mv:4341 misc:697 imb:94 pmb:394 smb:202 d:- ref:0 ;
in:20 out:20 type:P dur:2 cpbdur:2 q:25.53 aq:21.05 tex:29659 mv:4563 misc:634 imb:115 pmb:408 smb:167 d:- ref:0 ;
in:21 out:21 type:P dur:2 cpbdur:2 q:25.35 aq:20.28 tex:29051 mv:4381 misc:616 imb:134 pmb:383 smb:173 d:- ref:0 ;
in:22 out:22 type:P dur:2 cpbdur:2 q:25.38 aq:21.26 tex:21751 mv:4100 misc:653 imb:82 pmb:410 smb:198 d:- ref:0 ;
in:23 out:23 type:P dur:2 cpbdur:2 q:25.34 aq:21.31 tex:16205 mv:3463 misc:668 imb:64 pmb:391 smb:235 d:- ref:0 ;
in:24 out:24 type:P dur:2 cpbdur:2 q:25.35 aq:23.36 tex:17649 mv:3478 misc:681 imb:50 pmb:390 smb:250 d:- ref:0 ;
in:25 out:25 type:P dur:2 cpbdur:2 q:25.35 aq:18.26 tex:95694 mv:5531 misc:159 imb:487 pmb:203 smb:0 d:- ref:0 ;
in:26 out:26 type:P dur:2 cpbdur:2 q:25.23 aq:19.33 tex:25762 mv:3865 misc:653 imb:75 pmb:411 smb:204 d:- ref:0 ;
in:27 out:27 type:P dur:2 cpbdur:2 q:25.03 aq:19.81 tex:21499 mv:3576 misc:653 imb:55 pmb:401 smb:234 d:- ref:0 ;
in:28 out:28 type:P dur:2 cpbdur:2 q:24.86 aq:18.63 tex:25905 mv:3652 misc:691 imb:66 pmb:388 smb:236 d:- ref:0 ;
in:29 out:29 type:P dur:2 cpbdur:2 q:25.79 aq:20.75 tex:17096 mv:3015 misc:713 imb:33 pmb:389 smb:268 d:- ref:0 ;
in:30 out:30 type:P dur:2 cpbdur:2 q:25.73 aq:19.65 tex:17823 mv:3377 misc:720 imb:55 pmb:377 smb:258 d:- ref:0 ;
in:31 out:31 type:P dur:2 cpbdur:2 q:25.60 aq:21.00 tex:27488 mv:3730 misc:670 imb:60 pmb:420 smb:210 d:- ref:0 ;
in:32 out:32 type:P dur:2 cpbdur:2 q:25.54 aq:21.90 tex:15572 mv:2921 misc:739 imb:41 pmb:347 smb:302 d:- ref:0 ;
in:33 out:33 type:P dur:2 cpbdur:2 q:25.37 aq:22.45 tex:16931 mv:3156 misc:641 imb:44 pmb:365 smb:281 d:- ref:0 ;
in:34 out:34 type:P dur:2 cpbdur:2 q:25.24 aq:22.60 tex:16986 mv:3299 misc:675 imb:39 pmb:379 smb:272 d:- ref:0 ;
in:35 out:35 type:P dur:2 cpbdur:2 q:25.22 aq:21.91 tex:19025 mv:3553 misc:694 imb:65 pmb:376 smb:249 d:- ref:0 ;
in:36 out:36 type:P dur:2 cpbdur:2 q:25.06 aq:24.51 tex:15394 mv:3282 misc:716 imb:44 pmb:369 smb:277 d:- ref:0 ;
in:37 out:37 type:P dur:2 cpbdur:2 q:24.92 aq:18.18 tex:99079 mv:5440 misc:145 imb:517 pmb:173 smb:0 d:- ref:0 ;
in:38 out:38 type:P dur:2 cpbdur:2 q:24.78 aq:19.56 tex:23544 mv:4116 misc:652 imb:85 pmb:381 smb:224 d:- ref:0 ;
in:39 out:39 type:P dur:2 cpbdur:2 q:24.67 aq:17.17 tex:28884 mv:4091 misc:625 imb:173 pmb:345 smb:172 d:- ref:0 ;
in:40 out:40 type:P dur:2 cpbdur:2 q:24.52 aq:19.54 tex:21770 mv:3445 misc:713 imb:72 pmb:363 smb:255 d:- ref:0 ;
in:41 out:41 type:P dur:2 cpbdur:2 q:25.27 aq:21.36 tex:17558 mv:3129 misc:729 imb:42 pmb:367 smb:281 d:- ref:0 ;
in:42 out:42 type:P dur:2 cpbdur:2 q:25.20 aq:21.01 tex:24489 mv:3605 misc:682 imb:75 pmb:374 smb:241 d:- ref:0 ;
in:43 out:43 type:P dur:2 cpbdur:2 q:25.19 aq:20.21 tex:31188 mv:3940 misc:664 imb:122 pmb:343 smb:225 d:- ref:0 ;
in:44 out:44 type:P dur:2 cpbdur:2 q:25.10 aq:20.46 tex:19970 mv:3671 misc:679 imb:57 pmb:396 smb:237 d:- ref:0 ;
in:45 out:45 type:P dur:2 cpbdur:2 q:24.98 aq:21.10 tex:24769 mv:3711 misc:688 imb:74 pmb:359 smb:257 d:- ref:0 ;
in:46 out:46 type:P dur:2 cpbdur:2 q:24.94 aq:20.88 tex:19841 mv:3741 misc:706 imb:59 pmb:374 smb:257 d:- ref:0 ;
in:47 out:47 type:P dur:2 cpbdur:2 q:24.97 aq:21.96 tex:17943 mv:3575 misc:698 imb:48 pmb:387 smb:255 d:- ref:0 ;
in:48 out:48 type:P dur:2 cpbdur:2 q:24.88 aq:24.30 tex:17212 mv:4099 misc:681 imb:61 pmb:410 smb:219 d:- ref:0 ;
in:49 out:49 type:P dur:2 cpbdur:2 q:24.84 aq:19.10 tex:92446 mv:6155 misc:159 imb:452 pmb:238 smb:0 d:- ref:0 ;
in:50 out:50 type:P dur:2 cpbdur:2 q:24.76 aq:20.36 tex:23453 mv:4312 misc:611 imb:118 pmb:391 smb:181 d:- ref:0 ;
in:51 out:51 type:P dur:2 cpbdur:2 q:24.66 aq:19.99 tex:15099 mv:3577 misc:708 imb:61 pmb:378 smb:251 d:- ref:0 ;
in:52 out:52 type:P dur:2 cpbdur:2 q:24.56 aq:18.56 tex:24728 mv:4152 misc:672 imb:125 pmb:324 smb:241 d:- ref:0 ;
in:53 out:53 type:P dur:2 cpbdur:2 q:25.11 aq:22.54 tex:37644 mv:4284 misc:640 imb:199 pmb:260 smb:231 d:- ref:0 ;
in:54 out:54 type:P dur:2 cpbdur:2 q:25.06 aq:20.61 tex:60657 mv:5698 misc:333 imb:375 pmb:245 smb:70 d:- ref:0 ;
in:55 out:55 type:P dur:2 cpbdur:2 q:24.94 aq:19.73 tex:56419 mv:6070 misc:375 imb:276 pmb:359 smb:55 d:- ref:0 ;
in:57 out:56 type:P dur:2 cpbdur:2 q:24.90 aq:20.60 tex:60900 mv:7118 misc:334 imb:266 pmb:385 smb:39 d:- ref:0 ;
in:56 out:57 type:b dur:2 cpbdur:2 q:24.92 aq:24.06 tex:38484 mv:8158 misc:454 imb:105 pmb:495 smb:90 d:- ref:0 ;
in:58 out:58 type:P dur:2 cpbdur:2 q:25.24 aq:20.44 tex:58919 mv:6691 misc:350 imb:226 pmb:402 smb:62 d:- ref:0 ;
in:60 out:59 type:P dur:2 cpbdur:2 q:25.45 aq:21.46 tex:47508 mv:7215 misc:381 imb:241 pmb:384 smb:65 d:- ref:0 ;
in:59 out:60 type:b dur:2 cpbdur:2 q:25.34 aq:23.57 tex:37935 mv:8536 misc:441 imb:89 pmb:512 smb:89 d:- ref:0 ;
in:61 out:61 type:P dur:2 cpbdur:2 q:25.78 aq:20.11 tex:50815 mv:6343 misc:202 imb:400 pmb:290 smb:0 d:- ref:0 w:0,1,-13,6,64,0,67,-8 ;
in:62 out:62 type:P dur:2 cpbdur:2 q:26.00 aq:19.55 tex:42279 mv:5384 misc:433 imb:387 pmb:181 smb:122 d:- ref:0 ;
in:63 out:63 type:P dur:2 cpbdur:2 q:26.15 aq:19.49 tex:30721 mv:5939 misc:524 imb:221 pmb:344 smb:125 d:- ref:0 ;
in:64 out:64 type:P dur:2 cpbdur:2 q:26.23 aq:19.94 tex:37688 mv:5631 misc:505 imb:223 pmb:320 smb:147 d:- ref:0 ;
in:65 out:65 type:P dur:2 cpbdur:2 q:26.39 aq:20.07 tex:31878 mv:5441 misc:529 imb:173 pmb:348 smb:169 d:- ref:0 ;
in:66 out:66 type:P dur:2 cpbdur:2 q:26.49 aq:19.67 tex:37349 mv:6197 misc:470 imb:253 pmb:311 smb:126 d:- ref:0 ;
in:68 out:67 type:P dur:2 cpbdur:2 q:26.51 aq:20.03 tex:43084 mv:6840 misc:404 imb:277 pmb:337 smb:76 d:- ref:0 ;
in:67 out:68 type:b dur:2 cpbdur:2 q:26.50 aq:23.30 tex:21808 mv:6795 misc:565 imb:69 pmb:463 smb:158 d:- ref:0 ;
in:69 out:69 type:P dur:2 cpbdur:2 q:26.61 aq:20.68 tex:28742 mv:5276 misc:550 imb:125 pmb:351 smb:214 d:- ref:0 ;
in:70 out:70 type:P dur:2 cpbdur:2 q:26.69 aq:20.16 tex:32633 mv:6144 misc:423 imb:219 pmb:345 smb:126 d:- ref:0 ;
in:71 out:71 type:P dur:2 cpbdur:2 q:26.80 aq:21.82 tex:26517 mv:5238 misc:557 imb:169 pmb:336 smb:185 d:- ref:0 ;
in:72 out:72 type:P dur:2 cpbdur:2 q:26.77 aq:21.83 tex:34840 mv:6512 misc:368 imb:264 pmb:333 smb:93 d:- ref:0 ;
in:73 out:73 type:P dur:2 cpbdur:2 q:26.78 aq:21.66 tex:51996 mv:6509 misc:247 imb:325 pmb:365 smb:0 d:- ref:0 w:6,73,-17,6,66,-5,57,13 ;
in:74 out:74 type:P dur:2 cpbdur:2 q:26.82 aq:21.99 tex:33653 mv:6054 misc:437 imb:237 pmb:358 smb:95 d:- ref:0 ;
in:75 out:75 type:P dur:2 cpbdur:2 q:26.81 aq:22.76 tex:33957 mv:5545 misc:514 imb:184 pmb:333 smb:173 d:- ref:0 ;
in:76 out:76 type:P dur:2 cpbdur:2 q:26.87 aq:22.28 tex:39122 mv:6578 misc:396 imb:231 pmb:377 smb:82 d:- ref:0 ;
in:77 out:77 type:P dur:2 cpbdur:2 q:27.03 aq:21.70 tex:29722 mv:6211 misc:483 imb:184 pmb:407 smb:99 d:- ref:0 ;
in:78 out:78 type:P dur:2 cpbdur:2 q:27.07 aq:22.91 tex:28626 mv:6449 misc:445 imb:170 pmb:429 smb:91 d:- ref:0 ;
in:80 out:79 type:P dur:2 cpbdur:2 q:27.11 aq:23.26 tex:44902 mv:7254 misc:236 imb:280 pmb:389 smb:21 d:- ref:0 ;
in:79 out:80 type:b dur:2 cpbdur:2 q:27.09 aq:25.02 tex:26522 mv:7492 misc:426 imb:113 pmb:487 smb:90 d:- ref:0 ;
in:81 out:81 type:P dur:2 cpbdur:2 q:27.21 aq:24.07 tex:40846 mv:6631 misc:331 imb:175 pmb:423 smb:92 d:- ref:0 ;
in:82 out:82 type:P dur:2 cpbdur:2 q:27.22 aq:24.29 tex:34489 mv:6696 misc:367 imb:161 pmb:446 smb:83 d:- ref:0 ;
in:84 out:83 type:P dur:2 cpbdur:2 q:27.34 aq:24.92 tex:35896 mv:7385 misc:255 imb:231 pmb:423 smb:36 d:- ref:0 ;
in:83 out:84 type:b dur:2 cpbdur:2 q:27.28 aq:26.09 tex:23162 mv:7567 misc:343 imb:78 pmb:530 smb:82 d:- ref:0 ;
in:85 out:85 type:I dur:2 cpbdur:2 q:23.43 aq:19.76 tex:52026 mv:21361 misc:413 imb:690 pmb:0 smb:0 d:- ref:;
in:86 out:86 type:P dur:2 cpbdur:2 q:27.48 aq:22.00 tex:48644 mv:6344 misc:396 imb:227 pmb:381 smb:82 d:- ref:0 ;
in:87 out:87 type:P dur:2 cpbdur:2 q:27.54 aq:24.09 tex:21831 mv:4881 misc:472 imb:91 pmb:421 smb:178 d:- ref:0 ;
in:88 out:88 type:P dur:2 cpbdur:2 q:27.53 aq:23.53 tex:27152 mv:5359 misc:409 imb:84 pmb:448 smb:158 d:- ref:0 ;
in:89 out:89 type:P dur:2 cpbdur:2 q:27.67 aq:25.21 tex:12767 mv:3931 misc:542 imb:49 pmb:373 smb:268 d:- ref:0 ;
in:90 out:90 type:P dur:2 cpbdur:2 q:27.79 aq:25.27 tex:36040 mv:5908 misc:324 imb:204 pmb:362 smb:124 d:- ref:0 ;
in:91 out:91 type:P dur:2 cpbdur:2 q:27.76 aq:24.19 tex:19348 mv:5281 misc:483 imb:153 pmb:388 smb:149 d:- ref:0 ;
in:92 out:92 type:P dur:2 cpbdur:2 q:27.76 aq:24.22 tex:38183 mv:5959 misc:306 imb:253 pmb:339 smb:98 d:- ref:0 ;
in:93 out:93 type:P dur:2 cpbdur:2 q:27.68 aq:23.75 tex:42706 mv:6318 misc:240 imb:219 pmb:377 smb:94 d:- ref:0 ;
in:94 out:94 type:P dur:2 cpbdur:2 q:27.73 aq:23.16 tex:32736 mv:5843 misc:333 imb:169 pmb:397 smb:124 d:- ref:0 ;
in:95 out:95 type:P dur:2 cpbdur:2 q:27.69 aq:22.84 tex:8239 mv:4097 misc:584 imb:53 pmb:400 smb:237 d:- ref:0 ;
in:96 out:96 type:P dur:2 cpbdur:2 q:27.76 aq:25.04 tex:14329 mv:4852 misc:451 imb:110 pmb:370 smb:210 d:- ref:0 ;
in:97 out:97 type:P dur:2 cpbdur:2 q:27.84 aq:23.18 tex:42728 mv:6179 misc:237 imb:370 pmb:320 smb:0 d:- ref:0 w:6,71,-15,5,35,-13,34,-9 ;
in:98 out:98 type:P dur:2 cpbdur:2 q:27.87 aq:25.41 tex:31730 mv:5655 misc:375 imb:242 pmb:293 smb:155 d:- ref:0 ;
in:99 out:99 type:P dur:2 cpbdur:2 q:27.77 aq:23.10 tex:35259 mv:6094 misc:327 imb:302 pmb:293 smb:95 d:- ref:0 ;
in:100 out:100 type:P dur:2 cpbdur:2 q:27.71 aq:22.84 tex:30230 mv:6023 misc:315 imb:210 pmb:353 smb:127 d:- ref:0 ;
in:101 out:101 type:P dur:2 cpbdur:2 q:27.79 aq:21.04 tex:24661 mv:5662 misc:405 imb:209 pmb:360 smb:121 d:- ref:0 ;
in:102 out:102 type:P dur:2 cpbdur:2 q:27.82 aq:23.97 tex:21134 mv:5492 misc:406 imb:164 pmb:355 smb:171 d:- ref:0 ;
in:103 out:103 type:P dur:2 cpbdur:2 q:27.87 aq:22.35 tex:27122 mv:5665 misc:373 imb:225 pmb:329 smb:136 d:- ref:0 ;
in:104 out:104 type:P dur:2 cpbdur:2 q:27.88 aq:21.36 tex:36515 mv:6279 misc:334 imb:249 pmb:323 smb:118 d:- ref:0 ;
in:105 out:105 type:P dur:2 cpbdur:2 q:27.88 aq:20.87 tex:26573 mv:4998 misc:429 imb:168 pmb:365 smb:157 d:- ref:0 ;
in:106 out:106 type:P dur:2 cpbdur:2 q:27.85 aq:20.86 tex:17246 mv:5414 misc:428 imb:135 pmb:396 smb:159 d:- ref:0 ;
in:107 out:107 type:P dur:2 cpbdur:2 q:27.85 aq:21.75 tex:21518 mv:5517 misc:517 imb:156 pmb:362 smb:172 d:- ref:0 ;
in:108 out:108 type:P dur:2 cpbdur:2 q:27.90 aq:23.16 tex:20763 mv:5698 misc:459 imb:172 pmb:354 smb:164 d:- ref:0 ;
in:109 out:109 type:P dur:2 cpbdur:2 q:27.90 aq:19.91 tex:55119 mv:6169 misc:224 imb:381 pmb:308 smb:1 d:- ref:0 w:6,71,-16,4,19,-25,16,-1 ;
in:110 out:110 type:P dur:2 cpbdur:2 q:27.86 aq:19.39 tex:27056 mv:5639 misc:441 imb:153 pmb:380 smb:157 d:- ref:0 ;
in:111 out:111 type:P dur:2 cpbdur:2 q:27.83 aq:18.86 tex:17075 mv:4480 misc:597 imb:104 pmb:363 smb:223 d:- ref:0 ;
in:112 out:112 type:P dur:2 cpbdur:2 q:27.81 aq:20.94 tex:17577 mv:4520 misc:559 imb:91 pmb:368 smb:231 d:- ref:0 ;
in:113 out:113 type:P dur:2 cpbdur:2 q:27.94 aq:20.77 tex:17912 mv:4296 misc:624 imb:88 pmb:352 smb:250 d:- ref:0 ;
in:114 out:114 type:P dur:2 cpbdur:2 q:27.94 aq:21.01 tex:21137 mv:5254 misc:577 imb:116 pmb:386 smb:188 d:- ref:0 ;
in:115 out:115 type:P dur:2 cpbdur:2 q:27.90 aq:22.14 tex:15367 mv:4853 misc:588 imb:99 pmb:389 smb:202 d:- ref:0 ;
in:116 out:116 type:P dur:2 cpbdur:2 q:27.85 aq:21.61 tex:21178 mv:5545 misc:517 imb:142 pmb:402 smb:146 d:- ref:0 ;
in:117 out:117 type:P dur:2 cpbdur:2 q:27.81 aq:21.69 tex:11042 mv:3916 misc:682 imb:72 pmb:355 smb:263 d:- ref:0 ;
in:118 out:118 type:P dur:2 cpbdur:2 q:27.78 aq:22.47 tex:16598 mv:4730 misc:568 imb:141 pmb:376 smb:173 d:- ref:0 ;
in:119 out:119 type:P dur:2 cpbdur:2 q:27.73 aq:23.50 tex:18361 mv:5261 misc:586 imb:165 pmb:363 smb:162 d:- ref:0 ;
in:120 out:120 type:P dur:2 cpbdur:2 q:27.71 aq:24.02 tex:43950 mv:6220 misc:438 imb:321 pmb:274 smb:95 d:- ref:0 ;
in:121 out:121 type:P dur:2 cpbdur:2 q:27.63 aq:21.79 tex:60864 mv:6588 misc:228 imb:385 pmb:305 smb:0 d:- ref:0 w:5,35,-13,6,74,-21,77,-27 ;
in:122 out:122 type:P dur:2 cpbdur:2 q:27.59 aq:22.68 tex:24270 mv:5465 misc:513 imb:189 pmb:361 smb:140 d:- ref:0 ;
in:123 out:123 type:P dur:2 cpbdur:2 q:27.55 aq:22.70 tex:21541 mv:5626 misc:553 imb:171 pmb:372 smb:147 d:- ref:0 ;
in:124 out:124 type:P dur:2 cpbdur:2 q:27.63 aq:21.35 tex:33060 mv:6476 misc:424 imb:290 pmb:331 smb:69 d:- ref:0 ;
in:125 out:125 type:P dur:2 cpbdur:2 q:27.78 aq:22.06 tex:27699 mv:5698 misc:443 imb:229 pmb:367 smb:94 d:- ref:0 ;
in:126 out:126 type:P dur:2 cpbdur:2 q:27.77 aq:22.14 tex:25761 mv:5701 misc:466 imb:224 pmb:356 smb:110 d:- ref:0 ;
in:127 out:127 type:P dur:2 cpbdur:2 q:27.74 aq:22.09 tex:21500 mv:5179 misc:545 imb:166 pmb:379 smb:145 d:- ref:0 ;
in:128 out:128 type:P dur:2 cpbdur:2 q:27.77 aq:23.64 tex:19018 mv:4930 misc:604 imb:142 pmb:361 smb:187 d:- ref:0 ;
in:129 out:129 type:P dur:2 cpbdur:2 q:27.78 aq:23.45 tex:38917 mv:5355 misc:424 imb:299 pmb:291 smb:100 d:- ref:0 ;
in:130 out:130 type:P dur:2 cpbdur:2 q:27.78 aq:23.85 tex:42913 mv:5624 misc:391 imb:306 pmb:286 smb:98 d:- ref:0 ;
in:132 out:131 type:P dur:2 cpbdur:2 q:27.75 aq:24.19 tex:43065 mv:5878 misc:345 imb:316 pmb:292 smb:82 d:- ref:0 ;
in:131 out:132 type:b dur:2 cpbdur:2 q:27.76 aq:25.19 tex:29295 mv:6815 misc:482 imb:142 pmb:411 smb:137 d:- ref:0 ;
in:133 out:133 type:P dur:2 cpbdur:2 q:27.77 aq:22.70 tex:54067 mv:5764 misc:225 imb:442 pmb:248 smb:0 d:- ref:0 w:3,9,-14,6,75,-23,76,-25 ;
in:134 out:134 type:P dur:2 cpbdur:2 q:27.83 aq:20.82 tex:59145 mv:5516 misc:411 imb:326 pmb:263 smb:101 d:- ref:0 ;
in:135 out:135 type:P dur:2 cpbdur:2 q:27.90 aq:20.42 tex:68314 mv:5112 misc:422 imb:169 pmb:373 smb:148 d:- ref:0 ;
in:136 out:136 type:P dur:2 cpbdur:2 q:27.91 aq:20.29 tex:27192 mv:4394 misc:566 imb:98 pmb:422 smb:170 d:- ref:0 ;
in:137 out:137 type:P dur:2 cpbdur:2 q:28.02 aq:19.53 tex:17594 mv:3927 misc:623 imb:75 pmb:407 smb:208 d:- ref:0 ;
in:138 out:138 type:P dur:2 cpbdur:2 q:28.15 aq:21.74 tex:25790 mv:4955 misc:543 imb:136 pmb:407 smb:147 d:- ref:0 ;
in:139 out:139 type:P dur:2 cpbdur:2 q:28.30 aq:21.90 tex:19818 mv:4260 misc:610 imb:86 pmb:428 smb:176 d:- ref:0 ;
in:140 out:140 type:P dur:2 cpbdur:2 q:28.30 aq:23.25 tex:28387 mv:4918 misc:519 imb:90 pmb:468 smb:132 d:- ref:0 ;
in:141 out:141 type:P dur:2 cpbdur:2 q:28.26 aq:21.06 tex:17318 mv:4203 misc:607 imb:80 pmb:421 smb:189 d:- ref:0 ;
in:142 out:142 type:P dur:2 cpbdur:2 q:28.25 aq:22.75 tex:19233 mv:4829 misc:610 imb:96 pmb:429 smb:165 d:- ref:0 ;
in:143 out:143 type:P dur:2 cpbdur:2 q:28.22 aq:24.13 tex:21412 mv:4545 misc:595 imb:97 pmb:429 smb:164 d:- ref:0 ;
in:144 out:144 type:P dur:2 cpbdur:2 q:28.23 aq:25.46 tex:21449 mv:5147 misc:492 imb:92 pmb:478 smb:120 d:- ref:0 ;
in:145 out:145 type:P dur:2 cpbdur:2 q:28.19 aq:21.74 tex:116479 mv:6094 misc:235 imb:347 pmb:343 smb:0 d:- ref:0 w:5,35,-12,6,70,-12,69,-11 ;
in:146 out:146 type:P dur:2 cpbdur:2 q:28.16 aq:21.92 tex:24327 mv:4532 misc:549 imb:73 pmb:483 smb:134 d:- ref:0 ;
in:147 out:147 type:P dur:2 cpbdur:2 q:28.14 aq:21.74 tex:15807 mv:4016 misc:641 imb:59 pmb:468 smb:163 d:- ref:0 ;
in:148 out:148 type:P dur:2 cpbdur:2 q:28.12 aq:22.13 tex:37069 mv:5280 misc:395 imb:161 pmb:466 smb:63 d:- ref:0 ;
in:149 out:149 type:P dur:2 cpbdur:2 q:28.45 aq:23.10 tex:19749 mv:4140 misc:591 imb:57 pmb:472 smb:161 d:- ref:0 ;
in:150 out:150 type:P dur:2 cpbdur:2 q:28.44 aq:22.45 tex:23154 mv:4507 misc:571 imb:106 pmb:451 smb:133 d:- ref:0 ;
in:151 out:151 type:P dur:2 cpbdur:2 q:28.39 aq:22.49 tex:39404 mv:4752 misc:476 imb:101 pmb:490 smb:99 d:- ref:0 ;
in:152 out:152 type:P dur:2 cpbdur:2 q:28.43 aq:23.09 tex:19224 mv:4046 misc:586 imb:78 pmb:427 smb:185 d:- ref:0 ;
in:153 out:153 type:P dur:2 cpbdur:2 q:28.40 aq:22.43 tex:18703 mv:3508 misc:597 imb:40 pmb:442 smb:208 d:- ref:0 ;
in:154 out:154 type:P dur:2 cpbdur:2 q:28.38 aq:23.45 tex:20642 mv:3984 misc:582 imb:80 pmb:425 smb:185 d:- ref:0 ;
in:155 out:155 type:P dur:2 cpbdur:2 q:28.43 aq:23.92 tex:15719 mv:3936 misc:665 imb:82 pmb:405 smb:203 d:- ref:0 ;
in:156 out:156 type:P dur:2 cpbdur:2 q:28.40 aq:24.84 tex:18891 mv:4015 misc:574 imb:56 pmb:449 smb:185 d:- ref:0 ;
in:157 out:157 type:P dur:2 cpbdur:2 q:28.36 aq:21.43 tex:121700 mv:5447 misc:157 imb:418 pmb:272 smb:0 d:- ref:0 ;
in:158 out:158 type:P dur:2 cpbdur:2 q:28.33 aq:21.31 tex:23892 mv:3991 misc:573 imb:83 pmb:423 smb:184 d:- ref:0 ;
in:159 out:159 type:P dur:2 cpbdur:2 q:28.29 aq:21.03 tex:21304 mv:3617 misc:687 imb:79 pmb:366 smb:245 d:- ref:0 ;
in:160 out:160 type:P dur:2 cpbdur:2 q:28.26 aq:21.26 tex:25764 mv:4544 misc:564 imb:99 pmb:432 smb:159 d:- ref:0 ;
in:161 out:161 type:P dur:2 cpbdur:2 q:28.59 aq:21.74 tex:21835 mv:4193 misc:540 imb:81 pmb:455 smb:154 d:- ref:0 ;
in:162 out:162 type:P dur:2 cpbdur:2 q:28.58 aq:22.13 tex:25818 mv:4334 misc:544 imb:112 pmb:444 smb:134 d:- ref:0 ;
in:163 out:163 type:P dur:2 cpbdur:2 q:28.55 aq:22.55 tex:18226 mv:3356 misc:674 imb:46 pmb:419 smb:225 d:- ref:0 ;
in:164 out:164 type:P dur:2 cpbdur:2 q:28.54 aq:22.14 tex:19213 mv:3576 misc:675 imb:53 pmb:419 smb:218 d:- ref:0 ;
in:165 out:165 type:P dur:2 cpbdur:2 q:28.52 aq:23.52 tex:16079 mv:3590 misc:699 imb:63 pmb:405 smb:222 d:- ref:0 ;
in:166 out:166 type:P dur:2 cpbdur:2 q:28.52 aq:23.94 tex:20279 mv:3913 misc:616 imb:57 pmb:447 smb:186 d:- ref:0 ;
in:167 out:167 type:P dur:2 cpbdur:2 q:28.48 aq:24.37 tex:16294 mv:3391 misc:675 imb:69 pmb:407 smb:214 d:- ref:0 ;
in:168 out:168 type:P dur:2 cpbdur:2 q:28.45 aq:24.99 tex:19166 mv:4355 misc:519 imb:98 pmb:462 smb:130 d:- ref:0 ;
in:169 out:169 type:P dur:2 cpbdur:2 q:28.41 aq:21.07 tex:126668 mv:5445 misc:167 imb:372 pmb:315 smb:3 d:- ref:0 ;
in:170 out:170 type:P dur:2 cpbdur:2 q:28.39 aq:21.61 tex:24986 mv:4457 misc:493 imb:107 pmb:479 smb:104 d:- ref:0 ;
in:171 out:171 type:P dur:2 cpbdur:2 q:28.35 aq:22.56 tex:23234 mv:4120 misc:566 imb:83 pmb:481 smb:126 d:- ref:0 ;
in:172 out:172 type:P dur:2 cpbdur:2 q:28.32 aq:22.47 tex:21039 mv:4299 misc:582 imb:77 pmb:477 smb:136 d:- ref:0 ;
in:173 out:173 type:P dur:2 cpbdur:2 q:28.65 aq:21.87 tex:18379 mv:4182 misc:639 imb:69 pmb:443 smb:178 d:- ref:0 ;
in:174 out:174 type:P dur:2 cpbdur:2 q:28.64 aq:21.68 tex:22998 mv:4060 misc:638 imb:80 pmb:436 smb:174 d:- ref:0 ;
in:175 out:175 type:P dur:2 cpbdur:2 q:28.62 aq:23.02 tex:17838 mv:3915 misc:671 imb:66 pmb:437 smb:187 d:- ref:0 ;
in:176 out:176 type:P dur:2 cpbdur:2 q:28.60 aq:22.98 tex:19230 mv:4205 misc:581 imb:68 pmb:459 smb:163 d:- ref:0 ;
in:177 out:177 type:P dur:2 cpbdur:2 q:28.57 aq:24.10 tex:19643 mv:4196 misc:585 imb:35 pmb:493 smb:162 d:- ref:0 ;
in:178 out:178 type:P dur:2 cpbdur:2 q:28.55 aq:23.81 tex:19705 mv:3958 misc:649 imb:63 pmb:431 smb:196 d:- ref:0 ;
in:179 out:179 type:P dur:2 cpbdur:2 q:28.52 aq:24.38 tex:17401 mv:3944 misc:631 imb:58 pmb:452 smb:180 d:- ref:0 ;
in:180 out:180 type:P dur:2 cpbdur:2 q:28.49 aq:25.58 tex:17482 mv:3702 misc:576 imb:62 pmb:445 smb:183 d:- ref:0 ;
in:181 out:181 type:P dur:2 cpbdur:2 q:28.47 aq:20.92 tex:131958 mv:5092 misc:254 imb:421 pmb:268 smb:1 d:- ref:0 w:6,67,-13,6,65,-4,64,0 ;
in:182 out:182 type:P dur:2 cpbdur:2 q:28.44 aq:21.10 tex:26029 mv:3460 misc:559 imb:63 pmb:480 smb:147 d:- ref:0 ;
in:183 out:183 type:P dur:2 cpbdur:2 q:28.41 aq:20.97 tex:26637 mv:3534 misc:517 imb:61 pmb:492 smb:137 d:- ref:0 ;
in:184 out:184 type:P dur:2 cpbdur:2 q:28.37 aq:21.61 tex:19222 mv:2239 misc:667 imb:26 pmb:349 smb:315 d:- ref:0 ;
in:185 out:185 type:P dur:2 cpbdur:2 q:28.70 aq:21.85 tex:14857 mv:3194 misc:669 imb:37 pmb:431 smb:222 d:- ref:0 ;
in:186 out:186 type:P dur:2 cpbdur:2 q:28.69 aq:23.93 tex:15376 mv:2949 misc:651 imb:26 pmb:418 smb:246 d:- ref:0 ;
in:187 out:187 type:P dur:2 cpbdur:2 q:28.69 aq:22.95 tex:15426 mv:2536 misc:702 imb:31 pmb:402 smb:257 d:- ref:0 ;
in:188 out:188 type:P dur:2 cpbdur:2 q:28.65 aq:23.10 tex:14503 mv:2589 misc:740 imb:38 pmb:386 smb:266 d:- ref:0 ;
in:189 out:189 type:P dur:2 cpbdur:2 q:28.61 aq:23.07 tex:15313 mv:3147 misc:644 imb:38 pmb:438 smb:214 d:- ref:0 ;
in:190 out:190 type:P dur:2 cpbdur:2 q:28.57 aq:23.65 tex:17827 mv:3254 misc:687 imb:32 pmb:429 smb:229 d:- ref:0 ;
in:191 out:191 type:P dur:2 cpbdur:2 q:28.53 aq:23.95 tex:13145 mv:3041 misc:702 imb:46 pmb:412 smb:232 d:- ref:0 ;
in:192 out:192 type:P dur:2 cpbdur:2 q:28.48 aq:25.49 tex:17070 mv:2866 misc:608 imb:28 pmb:418 smb:244 d:- ref:0 ;
in:193 out:193 type:P dur:2 cpbdur:2 q:28.44 aq:20.39 tex:121411 mv:5275 misc:178 imb:337 pmb:351 smb:2 d:- ref:0 ;
in:194 out:194 type:P dur:2 cpbdur:2 q:28.41 aq:21.15 tex:22420 mv:2400 misc:596 imb:40 pmb:416 smb:234 d:- ref:0 ;
in:195 out:195 type:P dur:2 cpbdur:2 q:28.36 aq:20.76 tex:21805 mv:1976 misc:619 imb:24 pmb:331 smb:335 d:- ref:0 ;
in:196 out:196 type:P dur:2 cpbdur:2 q:28.32 aq:21.57 tex:15898 mv:2780 misc:618 imb:33 pmb:409 smb:248 d:- ref:0 ;
in:197 out:197 type:P dur:2 cpbdur:2 q:28.61 aq:21.43 tex:18947 mv:3209 misc:652 imb:60 pmb:435 smb:195 d:- ref:0 ;
in:198 out:198 type:P dur:2 cpbdur:2 q:28.58 aq:21.87 tex:12623 mv:2723 misc:694 imb:43 pmb:366 smb:281 d:- ref:0 ;
in:199 out:199 type:P dur:2 cpbdur:2 q:28.56 aq:22.39 tex:13019 mv:2850 misc:675 imb:24 pmb:395 smb:271 d:- ref:0 ;
in:200 out:200 type:P dur:2 cpbdur:2 q:28.52 aq:23.37 tex:11233 mv:2656 misc:679 imb:44 pmb:353 smb:293 d:- ref:0 ;
in:201 out:201 type:P dur:2 cpbdur:2 q:28.49 aq:23.23 tex:13542 mv:2552 misc:714 imb:22 pmb:376 smb:292 d:- ref:0 ;
in:202 out:202 type:P dur:2 cpbdur:2 q:28.44 aq:24.54 tex:14678 mv:2494 misc:668 imb:5 pmb:401 smb:284 d:- ref:0 ;
in:203 out:203 type:P dur:2 cpbdur:2 q:28.39 aq:23.87 tex:8902 mv:2041 misc:729 imb:23 pmb:350 smb:317 d:- ref:0 ;
in:204 out:204 type:P dur:2 cpbdur:2 q:28.34 aq:24.48 tex:13048 mv:2265 misc:655 imb:19 pmb:348 smb:323 d:- ref:0 ;
in:205 out:205 type:P dur:2 cpbdur:2 q:28.29 aq:21.19 tex:115411 mv:4877 misc:232 imb:289 pmb:386 smb:15 d:- ref:0 ;
in:206 out:206 type:P dur:2 cpbdur:2 q:28.25 aq:21.75 tex:27476 mv:2925 misc:543 imb:48 pmb:481 smb:161 d:- ref:0 ;
in:207 out:207 type:P dur:2 cpbdur:2 q:28.19 aq:22.47 tex:11608 mv:1646 misc:738 imb:11 pmb:351 smb:328 d:- ref:0 ;
in:208 out:208 type:P dur:2 cpbdur:2 q:28.14 aq:21.86 tex:18211 mv:2987 misc:634 imb:51 pmb:421 smb:218 d:- ref:0 ;
in:209 out:209 type:P dur:2 cpbdur:2 q:28.40 aq:23.21 tex:14772 mv:3053 misc:671 imb:48 pmb:402 smb:240 d:- ref:0 ;
in:210 out:210 type:P dur:2 cpbdur:2 q:28.39 aq:22.47 tex:15299 mv:3434 misc:699 imb:70 pmb:402 smb:218 d:- ref:0 ;
in:211 out:211 type:P dur:2 cpbdur:2 q:28.33 aq:23.43 tex:22384 mv:4071 misc:649 imb:100 pmb:421 smb:169 d:- ref:0 ;
in:212 out:212 type:P dur:2 cpbdur:2 q:28.30 aq:23.36 tex:27274 mv:3987 misc:603 imb:166 pmb:365 smb:159 d:- ref:0 ;
in:213 out:213 type:P dur:2 cpbdur:2 q:28.26 aq:23.85 tex:35315 mv:4175 misc:590 imb:234 pmb:292 smb:164 d:- ref:0 ;
in:214 out:214 type:P dur:2 cpbdur:2 q:28.22 aq:24.05 tex:27536 mv:4070 misc:610 imb:199 pmb:305 smb:186 d:- ref:0 ;
in:215 out:215 type:P dur:2 cpbdur:2 q:28.21 aq:24.47 tex:26361 mv:3605 misc:618 imb:170 pmb:294 smb:226 d:- ref:0 ;
in:216 out:216 type:P dur:2 cpbdur:2 q:28.21 aq:25.00 tex:37229 mv:4156 misc:535 imb:210 pmb:302 smb:178 d:- ref:0 ;
in:217 out:217 type:P dur:2 cpbdur:2 q:28.23 aq:22.33 tex:91530 mv:5111 misc:151 imb:401 pmb:289 smb:0 d:- ref:0 ;
in:218 out:218 type:P dur:2 cpbdur:2 q:28.23 aq:22.08 tex:29578 mv:4164 misc:450 imb:217 pmb:348 smb:125 d:- ref:0 ;
in:219 out:219 type:P dur:2 cpbdur:2 q:28.22 aq:22.66 tex:22901 mv:4069 misc:590 imb:170 pmb:328 smb:192 d:- ref:0 ;
in:220 out:220 type:P dur:2 cpbdur:2 q:28.24 aq:21.19 tex:22879 mv:3736 misc:641 imb:186 pmb:270 smb:234 d:- ref:0 ;
in:221 out:221 type:P dur:2 cpbdur:2 q:28.42 aq:22.39 tex:18522 mv:3965 misc:601 imb:176 pmb:306 smb:208 d:- ref:0 ;
in:222 out:222 type:P dur:2 cpbdur:2 q:28.42 aq:22.92 tex:16850 mv:4235 misc:611 imb:139 pmb:341 smb:210 d:- ref:0 ;
in:223 out:223 type:P dur:2 cpbdur:2 q:28.41 aq:22.76 tex:14091 mv:3570 misc:651 imb:151 pmb:301 smb:238 d:- ref:0 ;
in:224 out:224 type:P dur:2 cpbdur:2 q:28.39 aq:24.41 tex:20539 mv:4040 misc:653 imb:227 pmb:248 smb:215 d:- ref:0 ;
in:225 out:225 type:I dur:2 cpbdur:2 q:25.39 aq:19.77 tex:55716 mv:14166 misc:422 imb:690 pmb:0 smb:0 d:- ref:;
in:226 out:226 type:P dur:2 cpbdur:2 q:28.34 aq:23.09 tex:56286 mv:4789 misc:413 imb:279 pmb:303 smb:108 d:- ref:0 ;
in:227 out:227 type:P dur:2 cpbdur:2 q:28.30 aq:23.41 tex:18454 mv:4575 misc:491 imb:241 pmb:335 smb:114 d:- ref:0 ;
in:228 out:228 type:P dur:2 cpbdur:2 q:28.28 aq:24.19 tex:16418 mv:4167 misc:599 imb:214 pmb:300 smb:176 d:- ref:0 ;
in:229 out:229 type:P dur:2 cpbdur:2 q:28.35 aq:23.26 tex:64484 mv:5002 misc:170 imb:458 pmb:232 smb:0 d:- ref:0 ;
in:230 out:230 type:P dur:2 cpbdur:2 q:28.43 aq:23.36 tex:29619 mv:4345 misc:476 imb:245 pmb:338 smb:107 d:- ref:0 ;
in:231 out:231 type:P dur:2 cpbdur:2 q:28.40 aq:21.00 tex:59476 mv:5795 misc:337 imb:336 pmb:277 smb:77 d:- ref:0 ;
in:232 out:232 type:P dur:2 cpbdur:2 q:28.37 aq:21.10 tex:22806 mv:5149 misc:541 imb:206 pmb:354 smb:130 d:- ref:0 ;
in:233 out:233 type:P dur:2 cpbdur:2 q:28.47 aq:21.36 tex:14826 mv:3990 misc:656 imb:144 pmb:330 smb:216 d:- ref:0 ;
in:234 out:234 type:P dur:2 cpbdur:2 q:28.47 aq:19.99 tex:26794 mv:4700 misc:490 imb:183 pmb:368 smb:139 d:- ref:0 ;
in:235 out:235 type:P dur:2 cpbdur:2 q:28.56 aq:20.50 tex:15777 mv:3874 misc:645 imb:127 pmb:351 smb:212 d:- ref:0 ;
in:236 out:236 type:P dur:2 cpbdur:2 q:28.55 aq:21.29 tex:22777 mv:4523 misc:532 imb:170 pmb:341 smb:179 d:- ref:0 ;
in:237 out:237 type:P dur:2 cpbdur:2 q:28.51 aq:21.70 tex:9938 mv:3342 misc:656 imb:61 pmb:389 smb:240 d:- ref:0 ;
in:238 out:238 type:P dur:2 cpbdur:2 q:28.51 aq:22.24 tex:25394 mv:4322 misc:556 imb:116 pmb:338 smb:236 d:- ref:0 ;
in:239 out:239 type:P dur:2 cpbdur:2 q:28.48 aq:22.82 tex:10702 mv:3070 misc:636 imb:43 pmb:357 smb:290 d:- ref:0 ;
in:240 out:240 type:P dur:2 cpbdur:2 q:28.47 aq:25.10 tex:19875 mv:4545 misc:492 imb:161 pmb:388 smb:141 d:- ref:0 ;
in:241 out:241 type:P dur:2 cpbdur:2 q:28.42 aq:22.48 tex:61345 mv:5007 misc:168 imb:506 pmb:184 smb:0 d:- ref:0 ;
in:242 out:242 type:P dur:2 cpbdur:2 q:28.41 aq:22.48 tex:17479 mv:4636 misc:581 imb:220 pmb:283 smb:187 d:- ref:0 ;
in:243 out:243 type:P dur:2 cpbdur:2 q:28.36 aq:22.45 tex:12123 mv:3606 misc:671 imb:146 pmb:263 smb:281 d:- ref:0 ;
in:244 out:244 type:P dur:2 cpbdur:2 q:28.34 aq:24.24 tex:42281 mv:6149 misc:202 imb:440 pmb:240 smb:10 d:- ref:0 ;
in:245 out:245 type:P dur:2 cpbdur:2 q:28.43 aq:24.22 tex:44365 mv:6165 misc:214 imb:387 pmb:286 smb:17 d:- ref:0 ;
in:246 out:246 type:P dur:2 cpbdur:2 q:28.40 aq:24.16 tex:38664 mv:5863 misc:297 imb:356 pmb:300 smb:34 d:- ref:0 ;
in:247 out:247 type:P dur:2 cpbdur:2 q:28.36 aq:24.49 tex:37033 mv:5524 misc:331 imb:322 pmb:308 smb:60 d:- ref:0 ;
in:248 out:248 type:P dur:2 cpbdur:2 q:28.40 aq:24.02 tex:36065 mv:5383 misc:304 imb:385 pmb:263 smb:42 d:- ref:0 ;
in:249 out:249 type:P dur:2 cpbdur:2 q:28.45 aq:23.63 tex:39438 mv:5759 misc:259 imb:373 pmb:289 smb:28 d:- ref:0 ;
in:250 out:250 type:P dur:2 cpbdur:2 q:28.48 aq:22.97 tex:47641 mv:5556 misc:211 imb:399 pmb:271 smb:20 d:- ref:0 ;
in:251 out:251 type:P dur:2 cpbdur:2 q:28.50 aq:22.35 tex:52498 mv:5568 misc:222 imb:348 pmb:323 smb:19 d:- ref:0 ;
in:252 out:252 type:P dur:2 cpbdur:2 q:28.52 aq:24.14 tex:24658 mv:4324 misc:490 imb:189 pmb:368 smb:133 d:- ref:0 ;
in:253 out:253 type:P dur:2 cpbdur:2 q:28.56 aq:20.65 tex:83976 mv:5218 misc:246 imb:401 pmb:289 smb:0 d:- ref:0 w:6,73,-18,6,74,-20,75,-23 ;
in:254 out:254 type:P dur:2 cpbdur:2 q:28.61 aq:20.82 tex:17338 mv:3834 misc:556 imb:92 pmb:427 smb:171 d:- ref:0 ;
in:255 out:255 type:P dur:2 cpbdur:2 q:28.67 aq:21.69 tex:14037 mv:2990 misc:597 imb:48 pmb:368 smb:274 d:- ref:0 ;
in:256 out:256 type:P dur:2 cpbdur:2 q:28.66 aq:20.85 tex:22217 mv:4175 misc:504 imb:114 pmb:428 smb:148 d:- ref:0 ;
in:257 out:257 type:P dur:2 cpbdur:2 q:28.80 aq:22.38 tex:11180 mv:2520 misc:676 imb:47 pmb:316 smb:327 d:- ref:0 ;
in:258 out:258 type:P dur:2 cpbdur:2 q:28.77 aq:21.84 tex:25107 mv:4139 misc:546 imb:145 pmb:380 smb:165 d:- ref:0 ;
in:259 out:259 type:P dur:2 cpbdur:2 q:28.73 aq:21.94 tex:17078 mv:3726 misc:636 imb:94 pmb:393 smb:203 d:- ref:0 ;
in:260 out:260 type:P dur:2 cpbdur:2 q:28.72 aq:22.10 tex:19278 mv:3912 misc:642 imb:84 pmb:377 smb:229 d:- ref:0 ;
in:261 out:261 type:P dur:2 cpbdur:2 q:28.68 aq:22.57 tex:16738 mv:3595 misc:683 imb:73 pmb:379 smb:238 d:- ref:0 ;
in:262 out:262 type:P dur:2 cpbdur:2 q:28.67 aq:23.07 tex:22789 mv:3937 misc:594 imb:102 pmb:403 smb:185 d:- ref:0 ;
in:263 out:263 type:P dur:2 cpbdur:2 q:28.64 aq:23.24 tex:13035 mv:3186 misc:667 imb:54 pmb:348 smb:288 d:- ref:0 ;
in:264 out:264 type:P dur:2 cpbdur:2 q:28.62 aq:24.63 tex:12456 mv:3689 misc:631 imb:114 pmb:359 smb:217 d:- ref:0 ;
in:265 out:265 type:P dur:2 cpbdur:2 q:28.59 aq:21.06 tex:84301 mv:5244 misc:167 imb:445 pmb:244 smb:1 d:- ref:0 ;
in:266 out:266 type:P dur:2 cpbdur:2 q:28.58 aq:21.31 tex:29905 mv:4618 misc:485 imb:149 pmb:409 smb:132 d:- ref:0 ;
in:267 out:267 type:P dur:2 cpbdur:2 q:28.54 aq:21.25 tex:18059 mv:3982 misc:615 imb:113 pmb:370 smb:207 d:- ref:0 ;
in:268 out:268 type:P dur:2 cpbdur:2 q:28.50 aq:21.45 tex:27982 mv:4244 misc:574 imb:212 pmb:331 smb:147 d:- ref:0 ;
in:269 out:269 type:P dur:2 cpbdur:2 q:28.64 aq:20.76 tex:21943 mv:4146 misc:615 imb:210 pmb:307 smb:173 d:- ref:0 ;
in:270 out:270 type:P dur:2 cpbdur:2 q:28.64 aq:21.62 tex:17643 mv:4124 misc:633 imb:119 pmb:393 smb:178 d:- ref:0 ;
in:271 out:271 type:P dur:2 cpbdur:2 q:28.62 aq:22.07 tex:33443 mv:4980 misc:449 imb:154 pmb:421 smb:115 d:- ref:0 ;
in:272 out:272 type:P dur:2 cpbdur:2 q:28.62 aq:21.30 tex:20813 mv:3846 misc:573 imb:139 pmb:371 smb:180 d:- ref:0 ;
in:273 out:273 type:P dur:2 cpbdur:2 q:28.60 aq:22.80 tex:16781 mv:3245 misc:654 imb:81 pmb:354 smb:255 d:- ref:0 ;
in:274 out:274 type:P dur:2 cpbdur:2 q:28.58 aq:22.90 tex:16975 mv:3546 misc:647 imb:84 pmb:369 smb:237 d:- ref:0 ;
in:275 out:275 type:P dur:2 cpbdur:2 q:28.59 aq:22.53 tex:14917 mv:3259 misc:640 imb:124 pmb:340 smb:226 d:- ref:0 ;
in:276 out:276 type:P dur:2 cpbdur:2 q:28.58 aq:25.42 tex:15157 mv:3340 misc:527 imb:44 pmb:411 smb:235 d:- ref:0 ;
in:277 out:277 type:P dur:2 cpbdur:2 q:28.55 aq:19.27 tex:91236 mv:4706 misc:154 imb:479 pmb:211 smb:0 d:- ref:0 ;
in:278 out:278 type:P dur:2 cpbdur:2 q:28.52 aq:19.76 tex:20849 mv:3889 misc:542 imb:84 pmb:423 smb:183 d:- ref:0 ;
in:279 out:279 type:P dur:2 cpbdur:2 q:28.49 aq:19.14 tex:14389 mv:2597 misc:686 imb:47 pmb:335 smb:308 d:- ref:0 ;
in:280 out:280 type:P dur:2 cpbdur:2 q:28.46 aq:20.47 tex:19508 mv:2996 misc:640 imb:58 pmb:366 smb:266 d:- ref:0 ;
in:281 out:281 type:P dur:2 cpbdur:2 q:28.60 aq:20.07 tex:14812 mv:2532 misc:672 imb:43 pmb:352 smb:295 d:- ref:0 ;
in:282 out:282 type:P dur:2 cpbdur:2 q:28.59 aq:20.59 tex:12436 mv:2263 misc:661 imb:34 pmb:328 smb:328 d:- ref:0 ;
in:283 out:283 type:P dur:2 cpbdur:2 q:28.55 aq:21.63 tex:12666 mv:2276 misc:658 imb:38 pmb:321 smb:331 d:- ref:0 ;
in:284 out:284 type:P dur:2 cpbdur:2 q:28.53 aq:20.48 tex:12610 mv:2408 misc:678 imb:44 pmb:319 smb:327 d:- ref:0 ;
in:285 out:285 type:P dur:2 cpbdur:2 q:28.49 aq:21.41 tex:12833 mv:2072 misc:559 imb:18 pmb:295 smb:377 d:- ref:0 ;
in:286 out:286 type:P dur:2 cpbdur:2 q:28.45 aq:22.57 tex:10384 mv:1900 misc:572 imb:28 pmb:255 smb:407 d:- ref:0 ;
in:287 out:287 type:P dur:2 cpbdur:2 q:28.41 aq:21.77 tex:13231 mv:2014 misc:595 imb:26 pmb:254 smb:410 d:- ref:0 ;
in:288 out:288 type:P dur:2 cpbdur:2 q:28.38 aq:20.71 tex:9920 mv:1852 misc:628 imb:42 pmb:225 smb:423 d:- ref:0 ;
in:289 out:289 type:P dur:2 cpbdur:2 q:28.34 aq:19.35 tex:95396 mv:4863 misc:245 imb:379 pmb:292 smb:19 d:- ref:0 ;
in:290 out:290 type:P dur:2 cpbdur:2 q:28.29 aq:19.21 tex:17853 mv:3175 misc:596 imb:110 pmb:361 smb:219 d:- ref:0 ;
in:291 out:291 type:P dur:2 cpbdur:2 q:28.25 aq:18.90 tex:15501 mv:2900 misc:639 imb:96 pmb:346 smb:248 d:- ref:0 ;
in:292 out:292 type:P dur:2 cpbdur:2 q:28.20 aq:19.64 tex:13291 mv:2508 misc:681 imb:63 pmb:337 smb:290 d:- ref:0 ;
in:293 out:293 type:P dur:2 cpbdur:2 q:28.36 aq:18.91 tex:15047 mv:2759 misc:642 imb:63 pmb:372 smb:255 d:- ref:0 ;
in:294 out:294 type:P dur:2 cpbdur:2 q:28.33 aq:19.99 tex:10111 mv:2158 misc:675 imb:61 pmb:266 smb:363 d:- ref:0 ;
in:295 out:295 type:P dur:2 cpbdur:2 q:28.30 aq:20.70 tex:10871 mv:2009 misc:680 imb:58 pmb:264 smb:368 d:- ref:0 ;
in:296 out:296 type:P dur:2 cpbdur:2 q:28.26 aq:22.81 tex:11716 mv:2181 misc:607 imb:36 pmb:296 smb:358 d:- ref:0 ;
in:297 out:297 type:P dur:2 cpbdur:2 q:28.23 aq:21.78 tex:15944 mv:2623 misc:665 imb:60 pmb:346 smb:284 d:- ref:0 ;
in:298 out:298 type:P dur:2 cpbdur:2 q:28.19 aq:22.42 tex:11670 mv:2300 misc:710 imb:49 pmb:330 smb:311 d:- ref:0 ;
in:299 out:299 type:P dur:2 cpbdur:2 q:28.14 aq:22.52 tex:13092 mv:2362 misc:698 imb:49 pmb:292 smb:349 d:- ref:0 ;
in:300 out:300 type:P dur:2 cpbdur:2 q:28.10 aq:23.34 tex:10181 mv:2546 misc:681 imb:42 pmb:325 smb:323 d:- ref:0 ;
in:301 out:301 type:P dur:2 cpbdur:2 q:28.07 aq:21.67 tex:87156 mv:5035 misc:169 imb:409 pmb:277 smb:4 d:- ref:0 ;
in:302 out:302 type:P dur:2 cpbdur:2 q:28.03 aq:21.05 tex:9123 mv:2391 misc:662 imb:55 pmb:268 smb:367 d:- ref:0 ;
in:303 out:303 type:P dur:2 cpbdur:2 q:27.99 aq:21.39 tex:11908 mv:3070 misc:678 imb:74 pmb:335 smb:281 d:- ref:0 ;
in:304 out:304 type:P dur:2 cpbdur:2 q:27.95 aq:23.24 tex:40177 mv:4264 misc:567 imb:209 pmb:308 smb:173 d:- ref:0 ;
in:305 out:305 type:P dur:2 cpbdur:2 q:28.08 aq:22.16 tex:68742 mv:4754 misc:384 imb:279 pmb:282 smb:129 d:- ref:0 ;
in:306 out:306 type:P dur:2 cpbdur:2 q:28.03 aq:19.89 tex:66581 mv:4953 misc:434 imb:282 pmb:294 smb:114 d:- ref:0 ;
in:307 out:307 type:P dur:2 cpbdur:2 q:28.00 aq:21.12 tex:33651 mv:3626 misc:627 imb:129 pmb:339 smb:222 d:- ref:0 ;
in:308 out:308 type:P dur:2 cpbdur:2 q:28.02 aq:20.11 tex:14185 mv:3070 misc:625 imb:65 pmb:369 smb:256 d:- ref:0 ;
in:309 out:309 type:P dur:2 cpbdur:2 q:28.11 aq:19.27 tex:12304 mv:2744 misc:632 imb:66 pmb:347 smb:277 d:- ref:0 ;
in:310 out:310 type:P dur:2 cpbdur:2 q:28.19 aq:20.10 tex:14002 mv:2972 misc:674 imb:74 pmb:363 smb:253 d:- ref:0 ;
in:311 out:311 type:P dur:2 cpbdur:2 q:28.20 aq:21.78 tex:11443 mv:2915 misc:698 imb:71 pmb:374 smb:245 d:- ref:0 ;
in:312 out:312 type:P dur:2 cpbdur:2 q:28.17 aq:22.15 tex:17731 mv:3333 misc:616 imb:96 pmb:383 smb:211 d:- ref:0 ;
in:313 out:313 type:P dur:2 cpbdur:2 q:28.13 aq:19.58 tex:115823 mv:4999 misc:234 imb:440 pmb:250 smb:0 d:- ref:0 w:3,9,-12,5,37,-21,37,-21 ;
in:314 out:314 type:P dur:2 cpbdur:2 q:28.10 aq:19.58 tex:24517 mv:3806 misc:581 imb:80 pmb:442 smb:168 d:- ref:0 ;
in:315 out:315 type:P dur:2 cpbdur:2 q:28.06 aq:19.54 tex:21428 mv:3274 misc:642 imb:74 pmb:389 smb:227 d:- ref:0 ;
in:316 out:316 type:P dur:2 cpbdur:2 q:28.04 aq:20.47 tex:16428 mv:3221 misc:663 imb:60 pmb:399 smb:231 d:- ref:0 ;
in:317 out:317 type:P dur:2 cpbdur:2 q:28.23 aq:21.55 tex:14662 mv:2995 misc:663 imb:71 pmb:397 smb:222 d:- ref:0 ;
in:318 out:318 type:P dur:2 cpbdur:2 q:28.22 aq:21.38 tex:11721 mv:2899 misc:708 imb:57 pmb:369 smb:264 d:- ref:0 ;
in:319 out:319 type:P dur:2 cpbdur:2 q:28.20 aq:21.84 tex:14049 mv:3333 misc:682 imb:59 pmb:413 smb:218 d:- ref:0 ;
in:320 out:320 type:P dur:2 cpbdur:2 q:28.17 aq:22.02 tex:14069 mv:3085 misc:694 imb:45 pmb:416 smb:229 d:- ref:0 ;
in:321 out:321 type:P dur:2 cpbdur:2 q:28.14 aq:21.77 tex:9001 mv:2417 misc:710 imb:29 pmb:384 smb:277 d:- ref:0 ;
in:322 out:322 type:P dur:2 cpbdur:2 q:28.10 aq:21.58 tex:9720 mv:2381 misc:707 imb:37 pmb:389 smb:264 d:- ref:0 ;
in:323 out:323 type:P dur:2 cpbdur:2 q:28.07 aq:22.30 tex:15112 mv:3320 misc:648 imb:66 pmb:402 smb:222 d:- ref:0 ;
in:324 out:324 type:P dur:2 cpbdur:2 q:28.04 aq:23.38 tex:14261 mv:3200 misc:651 imb:64 pmb:391 smb:235 d:- ref:0 ;
in:325 out:325 type:P dur:2 cpbdur:2 q:27.99 aq:19.38 tex:114031 mv:4966 misc:147 imb:399 pmb:291 smb:0 d:- ref:0 ;
in:326 out:326 type:P dur:2 cpbdur:2 q:27.95 aq:19.04 tex:26051 mv:3527 misc:462 imb:104 pmb:463 smb:123 d:- ref:0 ;
in:327 out:327 type:P dur:2 cpbdur:2 q:27.92 aq:18.54 tex:12849 mv:2340 misc:699 imb:55 pmb:348 smb:287 d:- ref:0 ;
in:328 out:328 type:P dur:2 cpbdur:2 q:27.89 aq:19.47 tex:14499 mv:2946 misc:643 imb:86 pmb:385 smb:219 d:- ref:0 ;
in:329 out:329 type:P dur:2 cpbdur:2 q:28.07 aq:20.33 tex:20225 mv:3140 misc:587 imb:52 pmb:429 smb:209 d:- ref:0 ;
in:330 out:330 type:P dur:2 cpbdur:2 q:28.06 aq:19.86 tex:16279 mv:3084 misc:653 imb:65 pmb:399 smb:226 d:- ref:0 ;
in:331 out:331 type:P dur:2 cpbdur:2 q:28.03 aq:20.26 tex:18437 mv:3092 misc:623 imb:58 pmb:414 smb:218 d:- ref:0 ;
in:332 out:332 type:P dur:2 cpbdur:2 q:28.00 aq:20.87 tex:12936 mv:2759 misc:673 imb:49 pmb:370 smb:271 d:- ref:0 ;
in:333 out:333 type:P dur:2 cpbdur:2 q:27.98 aq:21.89 tex:17538 mv:2886 misc:648 imb:53 pmb:389 smb:248 d:- ref:0 ;
in:334 out:334 type:P dur:2 cpbdur:2 q:27.95 aq:22.14 tex:14735 mv:2546 misc:663 imb:44 pmb:401 smb:245 d:- ref:0 ;
in:335 out:335 type:P dur:2 cpbdur:2 q:27.93 aq:21.27 tex:15824 mv:2746 misc:670 imb:48 pmb:388 smb:254 d:- ref:0 ;
in:336 out:336 type:P dur:2 cpbdur:2 q:27.89 aq:23.78 tex:11016 mv:2565 misc:699 imb:55 pmb:345 smb:290 d:- ref:0 ;
in:337 out:337 type:P dur:2 cpbdur:2 q:27.87 aq:19.88 tex:118674 mv:5027 misc:219 imb:369 pmb:308 smb:13 d:- ref:0 ;
in:338 out:338 type:P dur:2 cpbdur:2 q:27.84 aq:20.10 tex:20409 mv:3281 misc:598 imb:112 pmb:418 smb:160 d:- ref:0 ;
in:339 out:339 type:P dur:2 cpbdur:2 q:27.81 aq:20.60 tex:22943 mv:3141 misc:604 imb:61 pmb:433 smb:196 d:- ref:0 ;
in:340 out:340 type:P dur:2 cpbdur:2 q:27.77 aq:20.24 tex:27009 mv:3410 misc:533 imb:65 pmb:456 smb:169 d:- ref:0 ;
in:341 out:341 type:P dur:2 cpbdur:2 q:27.95 aq:21.00 tex:14932 mv:2234 misc:706 imb:62 pmb:360 smb:268 d:- ref:0 ;
in:342 out:342 type:P dur:2 cpbdur:2 q:27.94 aq:20.26 tex:17117 mv:2675 misc:688 imb:70 pmb:369 smb:251 d:- ref:0 ;
in:343 out:343 type:P dur:2 cpbdur:2 q:27.92 aq:21.17 tex:14522 mv:2320 misc:694 imb:54 pmb:374 smb:262 d:- ref:0 ;
in:344 out:344 type:P dur:2 cpbdur:2 q:27.92 aq:20.94 tex:19138 mv:2676 misc:634 imb:56 pmb:418 smb:216 d:- ref:0 ;
in:345 out:345 type:P dur:2 cpbdur:2 q:27.89 aq:21.47 tex:15199 mv:2050 misc:655 imb:34 pmb:358 smb:298 d:- ref:0 ;
in:346 out:346 type:P dur:2 cpbdur:2 q:27.86 aq:21.24 tex:15021 mv:1297 misc:594 imb:16 pmb:241 smb:433 d:- ref:0 ;
in:347 out:347 type:P dur:2 cpbdur:2 q:27.83 aq:22.23 tex:12564 mv:1178 misc:578 imb:10 pmb:231 smb:449 d:- ref:0 ;
in:348 out:348 type:P dur:2 cpbdur:2 q:27.81 aq:22.03 tex:10175 mv:1577 misc:632 imb:11 pmb:284 smb:395 d:- ref:0 ;
in:349 out:349 type:P dur:2 cpbdur:2 q:27.78 aq:19.87 tex:123201 mv:4632 misc:159 imb:356 pmb:334 smb:0 d:- ref:0 w:0,1,-2 ;
in:350 out:350 type:P dur:2 cpbdur:2 q:27.74 aq:20.46 tex:23792 mv:3168 misc:544 imb:66 pmb:438 smb:186 d:- ref:0 ;
in:351 out:351 type:P dur:2 cpbdur:2 q:27.71 aq:20.57 tex:17155 mv:2125 misc:688 imb:61 pmb:366 smb:263 d:- ref:0 ;
in:352 out:352 type:P dur:2 cpbdur:2 q:27.66 aq:20.08 tex:17911 mv:2414 misc:667 imb:50 pmb:401 smb:239 d:- ref:0 ;
in:353 out:353 type:P dur:2 cpbdur:2 q:27.85 aq:20.97 tex:20514 mv:2399 misc:639 imb:49 pmb:395 smb:246 d:- ref:0 ;
in:354 out:354 type:P dur:2 cpbdur:2 q:27.84 aq:20.89 tex:18559 mv:2377 misc:640 imb:44 pmb:394 smb:252 d:- ref:0 ;
in:355 out:355 type:P dur:2 cpbdur:2 q:27.82 aq:22.61 tex:14574 mv:1902 misc:676 imb:22 pmb:352 smb:316 d:- ref:0 ;
in:356 out:356 type:P dur:2 cpbdur:2 q:27.79 aq:21.41 tex:13784 mv:2075 misc:709 imb:36 pmb:370 smb:284 d:- ref:0 ;
in:357 out:357 type:P dur:2 cpbdur:2 q:27.77 aq:21.42 tex:20555 mv:2833 misc:580 imb:45 pmb:424 smb:221 d:- ref:0 ;
in:358 out:358 type:P dur:2 cpbdur:2 q:27.75 aq:21.77 tex:15888 mv:2660 misc:684 imb:46 pmb:386 smb:258 d:- ref:0 ;
in:359 out:359 type:P dur:2 cpbdur:2 q:27.72 aq:22.42 tex:15160 mv:2800 misc:616 imb:34 pmb:399 smb:257 d:- ref:0 ;
in:360 out:360 type:P dur:2 cpbdur:2 q:27.68 aq:22.90 tex:13675 mv:2135 misc:670 imb:16 pmb:324 smb:350 d:- ref:0 ;
in:361 out:361 type:P dur:2 cpbdur:2 q:27.66 aq:19.42 tex:130681 mv:4777 misc:182 imb:368 pmb:322 smb:0 d:- ref:0 w:6,65,-6 ;
in:362 out:362 type:P dur:2 cpbdur:2 q:27.64 aq:19.76 tex:24942 mv:2408 misc:602 imb:70 pmb:388 smb:232 d:- ref:0 ;
in:363 out:363 type:P dur:2 cpbdur:2 q:27.61 aq:21.63 tex:12726 mv:1326 misc:676 imb:14 pmb:281 smb:395 d:- ref:0 ;
in:364 out:364 type:P dur:2 cpbdur:2 q:27.58 aq:21.57 tex:27045 mv:2588 misc:535 imb:19 pmb:387 smb:284 d:- ref:0 ;
in:365 out:365 type:P dur:2 cpbdur:2 q:27.78 aq:21.92 tex:13540 mv:1791 misc:645 imb:14 pmb:299 smb:377 d:- ref:0 ;
in:366 out:366 type:P dur:2 cpbdur:2 q:27.76 aq:19.15 tex:11905 mv:1471 misc:640 imb:11 pmb:261 smb:418 d:- ref:0 ;
in:367 out:367 type:P dur:2 cpbdur:2 q:27.73 aq:18.94 tex:13391 mv:1902 misc:611 imb:16 pmb:311 smb:363 d:- ref:0 ;
in:368 out:368 type:P dur:2 cpbdur:2 q:27.72 aq:20.10 tex:15959 mv:2465 misc:640 imb:28 pmb:357 smb:305 d:- ref:0 ;
in:369 out:369 type:P dur:2 cpbdur:2 q:27.69 aq:20.55 tex:13287 mv:2625 misc:648 imb:40 pmb:378 smb:272 d:- ref:0 ;
in:370 out:370 type:P dur:2 cpbdur:2 q:27.65 aq:20.72 tex:13447 mv:2567 misc:674 imb:35 pmb:385 smb:270 d:- ref:0 ;
in:371 out:371 type:P dur:2 cpbdur:2 q:27.62 aq:23.14 tex:14045 mv:2402 misc:657 imb:22 pmb:360 smb:308 d:- ref:0 ;
in:372 out:372 type:P dur:2 cpbdur:2 q:27.59 aq:24.44 tex:14779 mv:2658 misc:619 imb:32 pmb:380 smb:278 d:- ref:0 ;
in:373 out:373 type:P dur:2 cpbdur:2 q:27.56 aq:19.53 tex:129187 mv:4665 misc:356 imb:239 pmb:376 smb:75 d:- ref:0 ;
in:374 out:374 type:P dur:2 cpbdur:2 q:27.52 aq:19.91 tex:22566 mv:2508 misc:582 imb:63 pmb:408 smb:219 d:- ref:0 ;
in:375 out:375 type:P dur:2 cpbdur:2 q:27.49 aq:19.56 tex:14739 mv:1549 misc:664 imb:17 pmb:316 smb:357 d:- ref:0 ;
in:376 out:376 type:P dur:2 cpbdur:2 q:27.46 aq:20.26 tex:12017 mv:923 misc:620 imb:6 pmb:193 smb:491 d:- ref:0 ;
in:377 out:377 type:P dur:2 cpbdur:2 q:27.66 aq:22.18 tex:10377 mv:1217 misc:646 imb:11 pmb:212 smb:467 d:- ref:0 ;
in:378 out:378 type:P dur:2 cpbdur:2 q:27.64 aq:21.38 tex:22200 mv:1729 misc:559 imb:11 pmb:313 smb:366 d:- ref:0 ;
in:379 out:379 type:P dur:2 cpbdur:2 q:27.61 aq:21.28 tex:7913 mv:627 misc:524 imb:2 pmb:131 smb:557 d:- ref:0 ;
in:380 out:380 type:P dur:2 cpbdur:2 q:27.57 aq:22.50 tex:15767 mv:1508 misc:581 imb:5 pmb:272 smb:413 d:- ref:0 ;
in:381 out:381 type:P dur:2 cpbdur:2 q:27.53 aq:20.94 tex:10931 mv:1164 misc:609 imb:13 pmb:212 smb:465 d:- ref:0 ;
in:382 out:382 type:P dur:2 cpbdur:2 q:27.52 aq:24.24 tex:10799 mv:1023 misc:570 imb:8 pmb:209 smb:473 d:- ref:0 ;
in:383 out:383 type:P dur:2 cpbdur:2 q:27.47 aq:22.63 tex:8867 mv:1068 misc:529 imb:21 pmb:183 smb:486 d:- ref:0 ;
in:384 out:384 type:P dur:2 cpbdur:2 q:27.44 aq:21.85 tex:10435 mv:1662 misc:711 imb:23 pmb:310 smb:357 d:- ref:0 ;
in:385 out:385 type:P dur:2 cpbdur:2 q:27.40 aq:19.75 tex:122657 mv:4461 misc:362 imb:240 pmb:365 smb:85 d:- ref:0 ;
in:386 out:386 type:P dur:2 cpbdur:2 q:27.36 aq:19.09 tex:29524 mv:3540 misc:480 imb:108 pmb:471 smb:111 d:- ref:0 ;
in:387 out:387 type:P dur:2 cpbdur:2 q:27.32 aq:18.58 tex:17123 mv:2129 misc:684 imb:49 pmb:400 smb:241 d:- ref:0 ;
in:388 out:388 type:P dur:2 cpbdur:2 q:27.28 aq:18.46 tex:14127 mv:2101 misc:700 imb:59 pmb:352 smb:279 d:- ref:0 ;
in:389 out:389 type:P dur:2 cpbdur:2 q:27.46 aq:19.52 tex:16346 mv:2446 misc:624 imb:52 pmb:390 smb:248 d:- ref:0 ;
in:390 out:390 type:P dur:2 cpbdur:2 q:27.46 aq:20.04 tex:17878 mv:2586 misc:688 imb:36 pmb:402 smb:252 d:- ref:0 ;
in:391 out:391 type:P dur:2 cpbdur:2 q:27.43 aq:19.86 tex:16197 mv:2298 misc:689 imb:49 pmb:365 smb:276 d:- ref:0 ;
in:392 out:392 type:P dur:2 cpbdur:2 q:27.40 aq:20.33 tex:15414 mv:2496 misc:634 imb:36 pmb:369 smb:285 d:- ref:0 ;
in:393 out:393 type:P dur:2 cpbdur:2 q:27.37 aq:22.13 tex:12482 mv:1746 misc:620 imb:12 pmb:297 smb:381 d:- ref:0 ;
in:394 out:394 type:P dur:2 cpbdur:2 q:27.35 aq:20.74 tex:12084 mv:2290 misc:642 imb:31 pmb:315 smb:344 d:- ref:0 ;
in:395 out:395 type:P dur:2 cpbdur:2 q:27.32 aq:22.29 tex:13653 mv:2634 misc:657 imb:37 pmb:351 smb:302 d:- ref:0 ;
in:396 out:396 type:P dur:2 cpbdur:2 q:27.30 aq:22.76 tex:11262 mv:2521 misc:689 imb:39 pmb:329 smb:322 d:- ref:0 ;
in:397 out:397 type:P dur:2 cpbdur:2 q:27.26 aq:20.19 tex:125632 mv:5088 misc:160 imb:341 pmb:348 smb:1 d:- ref:0 ;
in:398 out:398 type:P dur:2 cpbdur:2 q:27.23 aq:20.28 tex:28472 mv:3441 misc:567 imb:72 pmb:440 smb:178 d:- ref:0 ;
in:399 out:399 type:P dur:2 cpbdur:2 q:27.20 aq:19.62 tex:20641 mv:2974 misc:617 imb:55 pmb:369 smb:266 d:- ref:0 ;
in:400 out:400 type:P dur:2 cpbdur:2 q:27.16 aq:19.78 tex:18604 mv:2861 misc:679 imb:35 pmb:352 smb:303 d:- ref:0 ;
in:401 out:401 type:P dur:2 cpbdur:2 q:27.34 aq:20.09 tex:15463 mv:2753 misc:688 imb:33 pmb:358 smb:299 d:- ref:0 ;
in:402 out:402 type:P dur:2 cpbdur:2 q:27.34 aq:20.23 tex:26044 mv:3172 misc:664 imb:60 pmb:346 smb:284 d:- ref:0 ;
in:403 out:403 type:P dur:2 cpbdur:2 q:27.32 aq:20.22 tex:16112 mv:3359 misc:689 imb:48 pmb:359 smb:283 d:- ref:0 ;
in:404 out:404 type:P dur:2 cpbdur:2 q:27.30 aq:20.62 tex:15964 mv:3174 misc:718 imb:43 pmb:369 smb:278 d:- ref:0 ;
in:405 out:405 type:P dur:2 cpbdur:2 q:27.27 aq:22.47 tex:14533 mv:2971 misc:632 imb:31 pmb:373 smb:286 d:- ref:0 ;
in:406 out:406 type:P dur:2 cpbdur:2 q:27.27 aq:22.71 tex:12879 mv:3165 misc:676 imb:79 pmb:335 smb:276 d:- ref:0 ;
in:407 out:407 type:P dur:2 cpbdur:2 q:27.24 aq:22.87 tex:18144 mv:3506 misc:638 imb:179 pmb:270 smb:241 d:- ref:0 ;
in:408 out:408 type:P dur:2 cpbdur:2 q:27.22 aq:23.71 tex:61409 mv:5050 misc:405 imb:378 pmb:228 smb:84 d:- ref:0 ;
in:409 out:409 type:I dur:2 cpbdur:2 q:24.44 aq:19.49 tex:76052 mv:15887 misc:413 imb:690 pmb:0 smb:0 d:- ref:;
in:410 out:410 type:P dur:2 cpbdur:2 q:27.16 aq:20.66 tex:62755 mv:4926 misc:383 imb:386 pmb:221 smb:83 d:- ref:0 ;
in:411 out:411 type:P dur:2 cpbdur:2 q:27.14 aq:20.40 tex:40894 mv:4639 misc:531 imb:252 pmb:301 smb:137 d:- ref:0 ;
in:412 out:412 type:P dur:2 cpbdur:2 q:27.20 aq:20.47 tex:28238 mv:4298 misc:568 imb:183 pmb:359 smb:148 d:- ref:0 ;
in:413 out:413 type:P dur:2 cpbdur:2 q:27.29 aq:20.40 tex:20979 mv:4949 misc:536 imb:215 pmb:357 smb:118 d:- ref:0 ;
in:414 out:414 type:P dur:2 cpbdur:2 q:27.35 aq:21.02 tex:17002 mv:3991 misc:647 imb:167 pmb:321 smb:202 d:- ref:0 ;
in:415 out:415 type:P dur:2 cpbdur:2 q:27.37 aq:20.23 tex:19560 mv:4364 misc:612 imb:198 pmb:322 smb:170 d:- ref:0 ;
in:416 out:416 type:P dur:2 cpbdur:2 q:27.37 aq:21.34 tex:15853 mv:4298 misc:633 imb:128 pmb:375 smb:187 d:- ref:0 ;
in:417 out:417 type:P dur:2 cpbdur:2 q:27.36 aq:20.98 tex:13783 mv:4043 misc:654 imb:148 pmb:317 smb:225 d:- ref:0 ;
in:418 out:418 type:P dur:2 cpbdur:2 q:27.34 aq:21.05 tex:39195 mv:5566 misc:463 imb:266 pmb:318 smb:106 d:- ref:0 ;
in:419 out:419 type:P dur:2 cpbdur:2 q:27.32 aq:20.91 tex:17413 mv:4931 misc:560 imb:214 pmb:331 smb:145 d:- ref:0 ;
in:420 out:420 type:P dur:2 cpbdur:2 q:27.30 aq:22.67 tex:17217 mv:4838 misc:505 imb:159 pmb:382 smb:149 d:- ref:0 ;
in:421 out:421 type:P dur:2 cpbdur:2 q:27.27 aq:22.41 tex:58304 mv:5753 misc:151 imb:493 pmb:197 smb:0 d:- ref:0 ;
in:422 out:422 type:P dur:2 cpbdur:2 q:27.30 aq:20.74 tex:42542 mv:5479 misc:403 imb:384 pmb:206 smb:100 d:- ref:0 ;
in:423 out:423 type:P dur:2 cpbdur:2 q:27.28 aq:21.36 tex:26668 mv:5835 misc:433 imb:223 pmb:343 smb:124 d:- ref:0 ;
in:424 out:424 type:P dur:2 cpbdur:2 q:27.26 aq:20.90 tex:33523 mv:6164 misc:425 imb:271 pmb:299 smb:120 d:- ref:0 ;
in:425 out:425 type:P dur:2 cpbdur:2 q:27.31 aq:20.86 tex:29315 mv:5398 misc:391 imb:265 pmb:289 smb:136 d:- ref:0 ;
in:426 out:426 type:P dur:2 cpbdur:2 q:27.34 aq:20.29 tex:30079 mv:5751 misc:458 imb:276 pmb:258 smb:156 d:- ref:0 ;
in:427 out:427 type:P dur:2 cpbdur:2 q:27.34 aq:20.18 tex:24038 mv:4725 misc:413 imb:249 pmb:248 smb:193 d:- ref:0 ;
in:428 out:428 type:P dur:2 cpbdur:2 q:27.35 aq:19.45 tex:24393 mv:4988 misc:427 imb:344 pmb:208 smb:138 d:- ref:0 ;
in:429 out:429 type:P dur:2 cpbdur:2 q:27.35 aq:18.69 tex:20261 mv:5032 misc:483 imb:280 pmb:267 smb:143 d:- ref:0 ;
in:430 out:430 type:P dur:2 cpbdur:2 q:27.36 aq:19.19 tex:24681 mv:5620 misc:419 imb:337 pmb:245 smb:108 d:- ref:0 ;
in:431 out:431 type:P dur:2 cpbdur:2 q:27.35 aq:20.29 tex:18324 mv:5579 misc:529 imb:216 pmb:325 smb:149 d:- ref:0 ;
in:432 out:432 type:P dur:2 cpbdur:2 q:27.34 aq:20.90 tex:29873 mv:6108 misc:371 imb:345 pmb:274 smb:71 d:- ref:0 ;
in:433 out:433 type:P dur:2 cpbdur:2 q:27.33 aq:20.53 tex:35979 mv:6313 misc:228 imb:339 pmb:351 smb:0 d:- ref:0 w:3,9,-16,5,37,-21,31,3 ;
in:434 out:434 type:P dur:2 cpbdur:2 q:27.32 aq:20.55 tex:32399 mv:6256 misc:457 imb:290 pmb:305 smb:95 d:- ref:0 ;
in:435 out:435 type:P dur:2 cpbdur:2 q:27.31 aq:20.34 tex:25937 mv:5311 misc:600 imb:191 pmb:344 smb:155 d:- ref:0 ;
in:436 out:436 type:P dur:2 cpbdur:2 q:27.31 aq:21.07 tex:31916 mv:6256 misc:420 imb:242 pmb:386 smb:62 d:- ref:0 ;
in:437 out:437 type:P dur:2 cpbdur:2 q:27.33 aq:20.84 tex:16844 mv:4770 misc:586 imb:135 pmb:363 smb:192 d:- ref:0 ;
in:438 out:438 type:P dur:2 cpbdur:2 q:27.34 aq:21.93 tex:26707 mv:6003 misc:506 imb:204 pmb:363 smb:123 d:- ref:0 ;
in:439 out:439 type:P dur:2 cpbdur:2 q:27.34 aq:21.72 tex:27442 mv:5838 misc:456 imb:229 pmb:359 smb:102 d:- ref:0 ;
in:440 out:440 type:P dur:2 cpbdur:2 q:27.35 aq:20.94 tex:27626 mv:6510 misc:352 imb:271 pmb:355 smb:64 d:- ref:0 ;
in:441 out:441 type:P dur:2 cpbdur:2 q:27.33 aq:20.93 tex:24692 mv:6024 misc:316 imb:286 pmb:355 smb:49 d:- ref:0 ;
in:442 out:442 type:P dur:2 cpbdur:2 q:27.33 aq:21.51 tex:28176 mv:6162 misc:374 imb:306 pmb:286 smb:98 d:- ref:0 ;
in:443 out:443 type:P dur:2 cpbdur:2 q:27.33 aq:20.34 tex:25402 mv:6350 misc:320 imb:318 pmb:319 smb:53 d:- ref:0 ;
in:444 out:444 type:P dur:2 cpbdur:2 q:27.33 aq:21.30 tex:27370 mv:5655 misc:423 imb:278 pmb:283 smb:129 d:- ref:0 ;
in:445 out:445 type:P dur:2 cpbdur:2 q:27.32 aq:19.83 tex:31844 mv:5823 misc:157 imb:480 pmb:210 smb:0 d:- ref:0 ;
in:446 out:446 type:P dur:2 cpbdur:2 q:27.33 aq:18.83 tex:27604 mv:5261 misc:471 imb:404 pmb:169 smb:117 d:- ref:0 ;
in:447 out:447 type:P dur:2 cpbdur:2 q:27.32 aq:19.81 tex:20854 mv:4707 misc:527 imb:267 pmb:231 smb:192 d:- ref:0 ;
in:448 out:448 type:P dur:2 cpbdur:2 q:27.32 aq:19.22 tex:20761 mv:4991 misc:480 imb:397 pmb:158 smb:135 d:- ref:0 ;
in:449 out:449 type:P dur:2 cpbdur:2 q:27.33 aq:19.63 tex:24325 mv:5312 misc:379 imb:383 pmb:207 smb:100 d:- ref:0 ;
in:450 out:450 type:P dur:2 cpbdur:2 q:27.33 aq:19.06 tex:24227 mv:5339 misc:362 imb:448 pmb:186 smb:56 d:- ref:0 ;
in:451 out:451 type:P dur:2 cpbdur:2 q:27.32 aq:19.27 tex:22585 mv:5734 misc:401 imb:363 pmb:245 smb:82 d:- ref:0 ;
in:452 out:452 type:P dur:2 cpbdur:2 q:27.31 aq:18.86 tex:21162 mv:5102 misc:432 imb:402 pmb:200 smb:88 d:- ref:0 ;
in:453 out:453 type:P dur:2 cpbdur:2 q:27.30 aq:17.63 tex:18941 mv:5665 misc:394 imb:372 pmb:246 smb:72 d:- ref:0 ;
in:454 out:454 type:P dur:2 cpbdur:2 q:27.29 aq:18.00 tex:17610 mv:5462 misc:408 imb:351 pmb:260 smb:79 d:- ref:0 ;
in:455 out:455 type:P dur:2 cpbdur:2 q:27.29 aq:17.67 tex:17301 mv:5468 misc:423 imb:389 pmb:220 smb:81 d:- ref:0 ;
in:456 out:456 type:P dur:2 cpbdur:2 q:27.27 aq:18.11 tex:15567 mv:5345 misc:448 imb:350 pmb:247 smb:93 d:- ref:0 ;
in:457 out:457 type:P dur:2 cpbdur:2 q:27.26 aq:18.11 tex:20852 mv:5573 misc:159 imb:473 pmb:217 smb:0 d:- ref:0 ;
in:458 out:458 type:P dur:2 cpbdur:2 q:27.24 aq:16.20 tex:18261 mv:5580 misc:431 imb:394 pmb:201 smb:95 d:- ref:0 ;
in:459 out:459 type:P dur:2 cpbdur:2 q:27.23 aq:15.79 tex:10388 mv:4880 misc:580 imb:268 pmb:246 smb:176 d:- ref:0 ;
in:460 out:460 type:P dur:2 cpbdur:2 q:27.20 aq:14.74 tex:9481 mv:4801 misc:526 imb:264 pmb:234 smb:192 d:- ref:0 ;
in:461 out:461 type:P dur:2 cpbdur:2 q:27.19 aq:15.23 tex:9577 mv:4335 misc:600 imb:242 pmb:235 smb:213 d:- ref:0 ;
in:462 out:462 type:P dur:2 cpbdur:2 q:27.18 aq:15.30 tex:10572 mv:4245 misc:567 imb:250 pmb:232 smb:208 d:- ref:0 ;
in:463 out:463 type:P dur:2 cpbdur:2 q:27.15 aq:16.29 tex:11833 mv:4445 misc:562 imb:221 pmb:248 smb:221 d:- ref:0 ;
in:464 out:464 type:P dur:2 cpbdur:2 q:27.12 aq:16.03 tex:10894 mv:4389 misc:541 imb:239 pmb:261 smb:190 d:- ref:0 ;
in:465 out:465 type:P dur:2 cpbdur:2 q:27.08 aq:15.50 tex:12320 mv:4871 misc:513 imb:274 pmb:239 smb:177 d:- ref:0 ;
in:466 out:466 type:P dur:2 cpbdur:2 q:27.05 aq:16.00 tex:11625 mv:4471 misc:584 imb:261 pmb:223 smb:206 d:- ref:0 ;
in:467 out:467 type:P dur:2 cpbdur:2 q:27.03 aq:16.31 tex:11009 mv:4638 misc:593 imb:279 pmb:219 smb:192 d:- ref:0 ;
in:468 out:468 type:P dur:2 cpbdur:2 q:27.00 aq:16.70 tex:10961 mv:4492 misc:627 imb:257 pmb:223 smb:210 d:- ref:0 ;
in:469 out:469 type:P dur:2 cpbdur:2 q:26.97 aq:17.13 tex:18597 mv:5314 misc:161 imb:513 pmb:177 smb:0 d:- ref:0 ;
in:470 out:470 type:P dur:2 cpbdur:2 q:26.94 aq:17.12 tex:16461 mv:4425 misc:586 imb:287 pmb:188 smb:215 d:- ref:0 ;
in:471 out:471 type:P dur:2 cpbdur:2 q:26.91 aq:16.62 tex:18821 mv:5539 misc:512 imb:300 pmb:241 smb:149 d:- ref:0 ;
in:472 out:472 type:P dur:2 cpbdur:2 q:26.88 aq:17.66 tex:15671 mv:4793 misc:552 imb:199 pmb:248 smb:243 d:- ref:0 ;
in:473 out:473 type:P dur:2 cpbdur:2 q:26.87 aq:17.62 tex:18735 mv:5599 misc:530 imb:318 pmb:246 smb:126 d:- ref:0 ;
in:474 out:474 type:P dur:2 cpbdur:2 q:26.85 aq:17.81 tex:19216 mv:5133 misc:571 imb:216 pmb:280 smb:194 d:- ref:0 ;
in:475 out:475 type:P dur:2 cpbdur:2 q:26.83 aq:17.60 tex:22153 mv:5969 misc:422 imb:318 pmb:276 smb:96 d:- ref:0 ;
in:477 out:476 type:P dur:2 cpbdur:2 q:26.81 aq:18.19 tex:25724 mv:6409 misc:443 imb:298 pmb:297 smb:95 d:- ref:0 ;
in:476 out:477 type:b dur:2 cpbdur:2 q:26.82 aq:21.23 tex:14535 mv:5747 misc:590 imb:104 pmb:418 smb:168 d:- ref:0 ;
in:478 out:478 type:P dur:2 cpbdur:2 q:26.78 aq:18.67 tex:22374 mv:5711 misc:571 imb:191 pmb:330 smb:169 d:- ref:0 ;
in:480 out:479 type:P dur:2 cpbdur:2 q:26.77 aq:19.87 tex:24428 mv:6325 misc:479 imb:251 pmb:326 smb:113 d:- ref:0 ;
in:479 out:480 type:b dur:2 cpbdur:2 q:26.78 aq:21.13 tex:17593 mv:5643 misc:620 imb:95 pmb:417 smb:178 d:- ref:0 ;
in:481 out:481 type:P dur:2 cpbdur:2 q:26.75 aq:19.01 tex:31584 mv:6249 misc:159 imb:475 pmb:215 smb:0 d:- ref:0 ;
in:482 out:482 type:P dur:2 cpbdur:2 q:26.74 aq:18.10 tex:28441 mv:5333 misc:570 imb:279 pmb:260 smb:151 d:- ref:0 ;
in:483 out:483 type:P dur:2 cpbdur:2 q:26.74 aq:18.21 tex:20895 mv:4363 misc:678 imb:125 pmb:279 smb:286 d:- ref:0 ;
in:484 out:484 type:P dur:2 cpbdur:2 q:26.72 aq:17.58 tex:22116 mv:5016 misc:692 imb:145 pmb:300 smb:245 d:- ref:0 ;
in:485 out:485 type:P dur:2 cpbdur:2 q:26.73 aq:17.58 tex:23660 mv:5417 misc:579 imb:219 pmb:296 smb:175 d:- ref:0 ;
in:487 out:486 type:P dur:2 cpbdur:2 q:26.73 aq:18.81 tex:30225 mv:6745 misc:430 imb:268 pmb:330 smb:92 d:- ref:0 ;
in:486 out:487 type:b dur:2 cpbdur:2 q:26.73 aq:21.86 tex:13980 mv:5973 misc:591 imb:97 pmb:417 smb:176 d:- ref:0 ;
in:488 out:488 type:P dur:2 cpbdur:2 q:26.71 aq:18.71 tex:26168 mv:5625 misc:575 imb:191 pmb:336 smb:163 d:- ref:0 ;
in:489 out:489 type:P dur:2 cpbdur:2 q:26.70 aq:18.84 tex:24129 mv:5801 misc:534 imb:186 pmb:373 smb:131 d:- ref:0 ;
in:491 out:490 type:P dur:2 cpbdur:2 q:26.71 aq:19.95 tex:31090 mv:6367 misc:479 imb:242 pmb:344 smb:104 d:- ref:0 ;
in:490 out:491 type:b dur:2 cpbdur:2 q:26.70 aq:22.54 tex:13382 mv:5677 misc:621 imb:73 pmb:421 smb:196 d:- ref:0 ;
in:492 out:492 type:P dur:2 cpbdur:2 q:26.68 aq:20.81 tex:28298 mv:5205 misc:577 imb:181 pmb:328 smb:181 d:- ref:0 ;
in:493 out:493 type:P dur:2 cpbdur:2 q:26.68 aq:18.92 tex:52276 mv:6475 misc:233 imb:408 pmb:282 smb:0 d:- ref:0 w:5,37,-18,3,9,-18,9,-18 ;
in:494 out:494 type:P dur:2 cpbdur:2 q:26.69 aq:18.42 tex:23894 mv:4663 misc:643 imb:142 pmb:344 smb:204 d:- ref:0 ;
in:495 out:495 type:P dur:2 cpbdur:2 q:26.66 aq:18.57 tex:20509 mv:4422 misc:661 imb:130 pmb:325 smb:235 d:- ref:0 ;
in:496 out:496 type:P dur:2 cpbdur:2 q:26.66 aq:18.62 tex:18223 mv:4129 misc:704 imb:96 pmb:313 smb:281 d:- ref:0 ;
in:497 out:497 type:P dur:2 cpbdur:2 q:26.71 aq:19.13 tex:15253 mv:4216 misc:731 imb:107 pmb:321 smb:262 d:- ref:0 ;
in:498 out:498 type:P dur:2 cpbdur:2 q:26.70 aq:18.96 tex:11842 mv:3860 misc:738 imb:77 pmb:317 smb:296 d:- ref:0 ;
in:499 out:499 type:P dur:2 cpbdur:2 q:26.68 aq:19.13 tex:16647 mv:4707 misc:654 imb:153 pmb:323 smb:214 d:- ref:0 ;
in:500 out:500 type:P dur:2 cpbdur:2 q:26.67 aq:19.09 tex:21243 mv:4955 misc:658 imb:143 pmb:325 smb:222 d:- ref:0 ;
in:501 out:501 type:P dur:2 cpbdur:2 q:26.65 aq:18.55 tex:18432 mv:4567 misc:625 imb:134 pmb:324 smb:232 d:- ref:0 ;
in:502 out:502 type:P dur:2 cpbdur:2 q:26.62 aq:19.12 tex:16653 mv:4786 misc:601 imb:123 pmb:347 smb:220 d:- ref:0 ;
in:503 out:503 type:P dur:2 cpbdur:2 q:26.60 aq:19.42 tex:14201 mv:4685 misc:690 imb:121 pmb:341 smb:228 d:- ref:0 ;
in:504 out:504 type:P dur:2 cpbdur:2 q:26.59 aq:21.79 tex:11019 mv:3739 misc:674 imb:75 pmb:310 smb:305 d:- ref:0 ;
in:505 out:505 type:I dur:2 cpbdur:2 q:23.82 aq:16.48 tex:37397 mv:13741 misc:406 imb:690 pmb:0 smb:0 d:- ref:;
in:506 out:506 type:P dur:2 cpbdur:2 q:26.55 aq:21.16 tex:18798 mv:4303 misc:643 imb:94 pmb:300 smb:296 d:- ref:0 ;
in:507 out:507 type:P dur:2 cpbdur:2 q:26.53 aq:17.57 tex:36870 mv:5479 misc:571 imb:237 pmb:293 smb:160 d:- ref:0 ;
in:508 out:508 type:P dur:2 cpbdur:2 q:26.50 aq:18.45 tex:19682 mv:4523 misc:715 imb:92 pmb:346 smb:252 d:- ref:0 ;
in:509 out:509 type:P dur:2 cpbdur:2 q:26.52 aq:18.04 tex:16662 mv:3704 misc:738 imb:73 pmb:322 smb:295 d:- ref:0 ;
in:510 out:510 type:P dur:2 cpbdur:2 q:26.51 aq:18.16 tex:16141 mv:4160 misc:723 imb:84 pmb:342 smb:264 d:- ref:0 ;
in:511 out:511 type:P dur:2 cpbdur:2 q:26.52 aq:18.49 tex:16386 mv:3529 misc:717 imb:62 pmb:339 smb:289 d:- ref:0 ;
in:512 out:512 type:P dur:2 cpbdur:2 q:26.51 aq:19.51 tex:8098 mv:2360 misc:702 imb:21 pmb:267 smb:402 d:- ref:0 ;
in:513 out:513 type:P dur:2 cpbdur:2 q:26.49 aq:18.99 tex:9752 mv:3323 misc:709 imb:39 pmb:336 smb:315 d:- ref:0 ;
in:514 out:514 type:P dur:2 cpbdur:2 q:26.47 aq:19.17 tex:9430 mv:3515 misc:719 imb:42 pmb:350 smb:298 d:- ref:0 ;
in:515 out:515 type:P dur:2 cpbdur:2 q:26.45 aq:21.08 tex:7735 mv:3235 misc:750 imb:34 pmb:306 smb:350 d:- ref:0 ;
in:516 out:516 type:P dur:2 cpbdur:2 q:26.41 aq:21.32 tex:7518 mv:3587 misc:767 imb:45 pmb:342 smb:303 d:- ref:0 ;
in:517 out:517 type:P dur:2 cpbdur:2 q:26.38 aq:18.73 tex:72495 mv:6519 misc:242 imb:421 pmb:269 smb:0 d:- ref:0 w:5,35,-10,6,75,-23,75,-24 ;
in:518 out:518 type:P dur:2 cpbdur:2 q:26.35 aq:17.79 tex:20403 mv:5575 misc:502 imb:183 pmb:400 smb:107 d:- ref:0 ;
in:519 out:519 type:P dur:2 cpbdur:2 q:26.31 aq:19.38 tex:9541 mv:2544 misc:699 imb:19 pmb:297 smb:374 d:- ref:0 ;
in:520 out:520 type:P dur:2 cpbdur:2 q:26.28 aq:18.59 tex:8195 mv:2806 misc:703 imb:34 pmb:301 smb:355 d:- ref:0 ;
in:521 out:521 type:P dur:2 cpbdur:2 q:26.35 aq:19.83 tex:7663 mv:2732 misc:685 imb:32 pmb:284 smb:374 d:- ref:0 ;
in:522 out:522 type:P dur:2 cpbdur:2 q:26.34 aq:19.67 tex:5797 mv:2844 misc:727 imb:32 pmb:288 smb:370 d:- ref:0 ;
in:523 out:523 type:P dur:2 cpbdur:2 q:26.30 aq:19.47 tex:13268 mv:3911 misc:701 imb:81 pmb:320 smb:289 d:- ref:0 ;
in:524 out:524 type:P dur:2 cpbdur:2 q:26.27 aq:19.11 tex:15641 mv:4045 misc:714 imb:89 pmb:318 smb:283 d:- ref:0 ;
in:525 out:525 type:P dur:2 cpbdur:2 q:26.23 aq:20.47 tex:20541 mv:3950 misc:677 imb:128 pmb:272 smb:290 d:- ref:0 ;
in:526 out:526 type:P dur:2 cpbdur:2 q:26.19 aq:18.72 tex:33148 mv:6042 misc:522 imb:250 pmb:321 smb:119 d:- ref:0 ;
in:527 out:527 type:P dur:2 cpbdur:2 q:26.17 aq:19.98 tex:16585 mv:3622 misc:697 imb:66 pmb:321 smb:303 d:- ref:0 ;
in:528 out:528 type:P dur:2 cpbdur:2 q:26.15 aq:20.20 tex:7005 mv:2871 misc:756 imb:39 pmb:279 smb:372 d:- ref:0 ;
in:529 out:529 type:P dur:2 cpbdur:2 q:26.13 aq:17.76 tex:70128 mv:6555 misc:213 imb:403 pmb:287 smb:0 d:- ref:0 w:5,35,-10,6,69,-11,70,-13 ;
in:530 out:530 type:P dur:2 cpbdur:2 q:26.14 aq:21.07 tex:7410 mv:2673 misc:685 imb:13 pmb:341 smb:336 d:- ref:0 ;
in:531 out:531 type:P dur:2 cpbdur:2 q:26.12 aq:20.33 tex:7439 mv:2410 misc:679 imb:14 pmb:276 smb:400 d:- ref:0 ;
in:532 out:532 type:P dur:2 cpbdur:2 q:26.08 aq:18.08 tex:38751 mv:4439 misc:578 imb:188 pmb:252 smb:250 d:- ref:0 ;
in:533 out:533 type:P dur:2 cpbdur:2 q:26.15 aq:18.41 tex:16573 mv:3139 misc:632 imb:39 pmb:315 smb:336 d:- ref:0 ;
in:534 out:534 type:P dur:2 cpbdur:2 q:26.12 aq:18.70 tex:12698 mv:2767 misc:655 imb:26 pmb:286 smb:378 d:- ref:0 ;
in:535 out:535 type:P dur:2 cpbdur:2 q:26.08 aq:19.23 tex:10911 mv:2900 misc:661 imb:26 pmb:313 smb:351 d:- ref:0 ;
in:536 out:536 type:P dur:2 cpbdur:2 q:26.10 aq:20.60 tex:8339 mv:2582 misc:647 imb:12 pmb:283 smb:395 d:- ref:0 ;
in:537 out:537 type:P dur:2 cpbdur:2 q:26.07 aq:20.23 tex:10090 mv:2837 misc:649 imb:35 pmb:281 smb:374 d:- ref:0 ;
in:538 out:538 type:P dur:2 cpbdur:2 q:26.05 aq:19.54 tex:16925 mv:3684 misc:655 imb:107 pmb:270 smb:313 d:- ref:0 ;
in:539 out:539 type:P dur:2 cpbdur:2 q:26.02 aq:18.96 tex:15888 mv:4018 misc:678 imb:89 pmb:317 smb:284 d:- ref:0 ;
in:540 out:540 type:P dur:2 cpbdur:2 q:25.98 aq:19.39 tex:13753 mv:4024 misc:711 imb:117 pmb:310 smb:263 d:- ref:0 ;
in:541 out:541 type:P dur:2 cpbdur:2 q:25.95 aq:16.91 tex:62468 mv:6817 misc:155 imb:427 pmb:261 smb:2 d:- ref:0 ;
in:542 out:542 type:P dur:2 cpbdur:2 q:25.93 aq:18.19 tex:14324 mv:3617 misc:659 imb:65 pmb:344 smb:281 d:- ref:0 ;
in:543 out:543 type:P dur:2 cpbdur:2 q:25.91 aq:17.65 tex:12753 mv:3582 misc:697 imb:66 pmb:310 smb:314 d:- ref:0 ;
in:544 out:544 type:P dur:2 cpbdur:2 q:25.88 aq:16.79 tex:10715 mv:3504 misc:733 imb:70 pmb:295 smb:325 d:- ref:0 ;
in:545 out:545 type:P dur:2 cpbdur:2 q:25.94 aq:16.99 tex:14879 mv:3915 misc:678 imb:101 pmb:313 smb:276 d:- ref:0 ;
in:546 out:546 type:P dur:2 cpbdur:2 q:25.92 aq:17.44 tex:10811 mv:3509 misc:720 imb:50 pmb:324 smb:316 d:- ref:0 ;
in:547 out:547 type:P dur:2 cpbdur:2 q:25.89 aq:18.05 tex:11619 mv:3042 misc:675 imb:58 pmb:283 smb:349 d:- ref:0 ;
in:548 out:548 type:P dur:2 cpbdur:2 q:25.86 aq:16.80 tex:9414 mv:2777 misc:673 imb:45 pmb:268 smb:377 d:- ref:0 ;
in:549 out:549 type:P dur:2 cpbdur:2 q:25.84 aq:18.65 tex:10555 mv:2813 misc:688 imb:39 pmb:262 smb:389 d:- ref:0 ;
in:550 out:550 type:P dur:2 cpbdur:2 q:25.81 aq:18.16 tex:12682 mv:3233 misc:645 imb:67 pmb:262 smb:361 d:- ref:0 ;
in:551 out:551 type:P dur:2 cpbdur:2 q:25.78 aq:19.09 tex:15347 mv:3557 misc:648 imb:83 pmb:277 smb:330 d:- ref:0 ;
in:552 out:552 type:P dur:2 cpbdur:2 q:25.75 aq:19.72 tex:13555 mv:3379 misc:690 imb:67 pmb:277 smb:346 d:- ref:0 ;
in:553 out:553 type:P dur:2 cpbdur:2 q:25.71 aq:16.98 tex:57244 mv:6761 misc:163 imb:413 pmb:276 smb:1 d:- ref:0 ;
in:554 out:554 type:P dur:2 cpbdur:2 q:25.69 aq:18.99 tex:12908 mv:3120 misc:668 imb:44 pmb:304 smb:342 d:- ref:0 ;
in:555 out:555 type:P dur:2 cpbdur:2 q:25.67 aq:20.38 tex:11477 mv:2606 misc:565 imb:37 pmb:230 smb:423 d:- ref:0 ;
in:556 out:556 type:P dur:2 cpbdur:2 q:25.64 aq:19.39 tex:12956 mv:3303 misc:565 imb:55 pmb:271 smb:364 d:- ref:0 ;
in:557 out:557 type:P dur:2 cpbdur:2 q:25.69 aq:17.91 tex:21236 mv:3704 misc:652 imb:124 pmb:242 smb:324 d:- ref:0 ;
in:558 out:558 type:P dur:2 cpbdur:2 q:25.66 aq:15.78 tex:9328 mv:2799 misc:649 imb:51 pmb:246 smb:393 d:- ref:0 ;
in:560 out:559 type:P dur:2 cpbdur:2 q:25.63 aq:16.93 tex:26184 mv:4074 misc:526 imb:233 pmb:155 smb:302 d:- ref:0 ;
in:559 out:560 type:b dur:2 cpbdur:2 q:25.65 aq:23.31 tex:9307 mv:3279 misc:582 imb:21 pmb:295 smb:374 d:- ref:0 ;
in:561 out:561 type:P dur:2 cpbdur:2 q:25.59 aq:17.63 tex:17568 mv:3198 misc:634 imb:80 pmb:222 smb:388 d:- ref:0 ;
in:562 out:562 type:P dur:2 cpbdur:2 q:25.56 aq:16.80 tex:7681 mv:2586 misc:613 imb:44 pmb:231 smb:415 d:- ref:0 ;
in:563 out:563 type:P dur:2 cpbdur:2 q:25.55 aq:17.85 tex:5793 mv:2581 misc:626 imb:38 pmb:229 smb:423 d:- ref:0 ;
in:564 out:564 type:P dur:2 cpbdur:2 q:25.52 aq:18.28 tex:8248 mv:2005 misc:555 imb:71 pmb:132 smb:487 d:- ref:0 ;
in:565 out:565 type:P dur:2 cpbdur:2 q:25.50 aq:14.95 tex:40234 mv:6676 misc:194 imb:398 pmb:286 smb:6 d:- ref:0 ;
in:566 out:566 type:P dur:2 cpbdur:2 q:25.46 aq:17.05 tex:9851 mv:2260 misc:657 imb:27 pmb:250 smb:413 d:- ref:0 ;
in:567 out:567 type:P dur:2 cpbdur:2 q:25.43 aq:18.16 tex:5322 mv:1331 misc:523 imb:13 pmb:149 smb:528 d:- ref:0 ;
in:568 out:568 type:P dur:2 cpbdur:2 q:25.39 aq:18.39 tex:8727 mv:2270 misc:507 imb:57 pmb:177 smb:456 d:- ref:0 ;
in:569 out:569 type:P dur:2 cpbdur:2 q:25.41 aq:16.61 tex:11187 mv:2921 misc:636 imb:127 pmb:179 smb:384 d:- ref:0 ;
in:570 out:570 type:P dur:2 cpbdur:2 q:25.38 aq:15.66 tex:7505 mv:2025 misc:638 imb:53 pmb:168 smb:469 d:- ref:0 ;
in:572 out:571 type:P dur:2 cpbdur:2 q:25.34 aq:16.05 tex:22342 mv:4451 misc:551 imb:295 pmb:168 smb:227 d:- ref:0 ;
in:571 out:572 type:b dur:2 cpbdur:2 q:25.36 aq:20.66 tex:5626 mv:3511 misc:679 imb:37 pmb:337 smb:316 d:- ref:0 ;
in:573 out:573 type:P dur:2 cpbdur:2 q:25.27 aq:15.75 tex:19715 mv:4208 misc:589 imb:175 pmb:258 smb:257 d:- ref:0 ;
in:574 out:574 type:P dur:2 cpbdur:2 q:25.23 aq:14.55 tex:13526 mv:3783 misc:675 imb:131 pmb:251 smb:308 d:- ref:0 ;
in:575 out:575 type:P dur:2 cpbdur:2 q:25.22 aq:15.62 tex:6175 mv:2466 misc:711 imb:65 pmb:200 smb:425 d:- ref:0 ;
in:576 out:576 type:P dur:2 cpbdur:2 q:25.19 aq:16.77 tex:5483 mv:2925 misc:712 imb:96 pmb:220 smb:374 d:- ref:0 ;
in:577 out:577 type:P dur:2 cpbdur:2 q:25.17 aq:15.59 tex:32224 mv:6007 misc:161 imb:457 pmb:230 smb:3 d:- ref:0 ;
in:579 out:578 type:P dur:2 cpbdur:2 q:25.15 aq:16.31 tex:25329 mv:4093 misc:570 imb:201 pmb:191 smb:298 d:- ref:0 ;
in:578 out:579 type:b dur:2 cpbdur:2 q:25.16 aq:20.41 tex:8685 mv:3178 misc:633 imb:37 pmb:267 smb:386 d:- ref:0 ;
in:580 out:580 type:P dur:2 cpbdur:2 q:25.07 aq:13.96 tex:19193 mv:3215 misc:600 imb:105 pmb:199 smb:386 d:- ref:0 ;
in:581 out:581 type:P dur:2 cpbdur:2 q:25.08 aq:14.43 tex:19079 mv:2826 misc:631 imb:73 pmb:215 smb:402 d:- ref:0 ;
in:582 out:582 type:P dur:2 cpbdur:2 q:25.07 aq:14.24 tex:12965 mv:2298 misc:681 imb:47 pmb:192 smb:451 d:- ref:0 ;
in:583 out:583 type:P dur:2 cpbdur:2 q:25.04 aq:15.81 tex:6515 mv:2045 misc:656 imb:31 pmb:188 smb:471 d:- ref:0 ;
in:584 out:584 type:P dur:2 cpbdur:2 q:25.02 aq:14.50 tex:5426 mv:2119 misc:655 imb:49 pmb:187 smb:454 d:- ref:0 ;
in:585 out:585 type:P dur:2 cpbdur:2 q:25.00 aq:15.36 tex:12049 mv:3228 misc:675 imb:103 pmb:221 smb:366 d:- ref:0 ;
in:586 out:586 type:P dur:2 cpbdur:2 q:24.97 aq:15.53 tex:10576 mv:3102 misc:698 imb:66 pmb:264 smb:360 d:- ref:0 ;
in:587 out:587 type:P dur:2 cpbdur:2 q:24.93 aq:17.25 tex:5092 mv:2041 misc:699 imb:31 pmb:204 smb:455 d:- ref:0 ;
in:588 out:588 type:P dur:2 cpbdur:2 q:24.89 aq:17.12 tex:5972 mv:2533 misc:711 imb:43 pmb:226 smb:421 d:- ref:0 ;
in:589 out:589 type:P dur:2 cpbdur:2 q:24.87 aq:15.39 tex:43984 mv:6269 misc:195 imb:441 pmb:240 smb:9 d:- ref:0 ;
in:590 out:590 type:P dur:2 cpbdur:2 q:24.84 aq:16.07 tex:13385 mv:3039 misc:696 imb:97 pmb:247 smb:346 d:- ref:0 ;
in:591 out:591 type:P dur:2 cpbdur:2 q:24.79 aq:16.61 tex:6086 mv:2273 misc:617 imb:41 pmb:205 smb:444 d:- ref:0 ;
in:592 out:592 type:P dur:2 cpbdur:2 q:24.76 aq:15.13 tex:13953 mv:3215 misc:656 imb:104 pmb:215 smb:371 d:- ref:0 ;
in:593 out:593 type:P dur:2 cpbdur:2 q:24.78 aq:15.75 tex:8914 mv:3210 misc:748 imb:74 pmb:249 smb:367 d:- ref:0 ;
in:594 out:594 type:P dur:2 cpbdur:2 q:24.76 aq:15.30 tex:16207 mv:3720 misc:697 imb:128 pmb:242 smb:320 d:- ref:0 ;
in:596 out:595 type:P dur:2 cpbdur:2 q:24.72 aq:15.97 tex:30975 mv:5521 misc:520 imb:295 pmb:239 smb:156 d:- ref:0 ;
in:595 out:596 type:b dur:2 cpbdur:2 q:24.74 aq:20.35 tex:17444 mv:5050 misc:586 imb:75 pmb:395 smb:220 d:- ref:0 ;
in:598 out:597 type:P dur:2 cpbdur:2 q:24.66 aq:16.85 tex:30162 mv:5920 misc:470 imb:229 pmb:337 smb:124 d:- ref:0 ;
in:597 out:598 type:b dur:2 cpbdur:2 q:24.69 aq:20.00 tex:13376 mv:4788 misc:620 imb:54 pmb:438 smb:198 d:- ref:0 ;
in:600 out:599 type:P dur:2 cpbdur:2 q:24.64 aq:18.44 tex:27230 mv:5763 misc:527 imb:229 pmb:331 smb:130 d:- ref:0 ;
in:599 out:600 type:b dur:2 cpbdur:2 q:24.65 aq:19.91 tex:17711 mv:5479 misc:578 imb:84 pmb:436 smb:170 d:- ref:0 ;
in:601 out:601 type:P dur:2 cpbdur:2 q:24.63 aq:17.98 tex:39579 mv:6255 misc:246 imb:457 pmb:232 smb:1 d:- ref:0 w:6,75,-20,6,73,-20,72,-17 ;
in:602 out:602 type:P dur:2 cpbdur:2 q:24.61 aq:17.00 tex:31678 mv:5498 misc:496 imb:348 pmb:204 smb:138 d:- ref:0 ;
in:603 out:603 type:P dur:2 cpbdur:2 q:24.60 aq:15.85 tex:31509 mv:6469 misc:462 imb:244 pmb:350 smb:96 d:- ref:0 ;
in:604 out:604 type:P dur:2 cpbdur:2 q:24.59 aq:15.95 tex:30747 mv:5696 misc:565 imb:164 pmb:342 smb:184 d:- ref:0 ;
in:606 out:605 type:P dur:2 cpbdur:2 q:24.61 aq:17.20 tex:29004 mv:5568 misc:532 imb:255 pmb:264 smb:171 d:- ref:0 ;
in:605 out:606 type:b dur:2 cpbdur:2 q:24.60 aq:22.60 tex:12549 mv:5015 misc:660 imb:48 pmb:386 smb:256 d:- ref:0 ;
in:607 out:607 type:P dur:2 cpbdur:2 q:24.62 aq:16.95 tex:28052 mv:5016 misc:524 imb:176 pmb:341 smb:173 d:- ref:0 ;
in:608 out:608 type:P dur:2 cpbdur:2 q:24.62 aq:14.69 tex:35203 mv:5027 misc:530 imb:173 pmb:334 smb:183 d:- ref:0 ;
in:609 out:609 type:P dur:2 cpbdur:2 q:24.63 aq:15.98 tex:15993 mv:3172 misc:667 imb:49 pmb:323 smb:318 d:- ref:0 ;
in:610 out:610 type:P dur:2 cpbdur:2 q:24.60 aq:16.32 tex:9581 mv:2334 misc:677 imb:42 pmb:231 smb:417 d:- ref:0 ;
in:611 out:611 type:P dur:2 cpbdur:2 q:24.60 aq:15.39 tex:11069 mv:3007 misc:644 imb:61 pmb:240 smb:389 d:- ref:0 ;
in:612 out:612 type:P dur:2 cpbdur:2 q:24.61 aq:18.97 tex:6663 mv:2865 misc:704 imb:46 pmb:252 smb:392 d:- ref:0 ;
in:613 out:613 type:P dur:2 cpbdur:2 q:24.59 aq:14.80 tex:68293 mv:6373 misc:230 imb:377 pmb:313 smb:0 d:- ref:0 w:3,9,-16,5,39,-29,37,-21 ;
in:614 out:614 type:P dur:2 cpbdur:2 q:24.56 aq:17.72 tex:10488 mv:2592 misc:696 imb:18 pmb:298 smb:374 d:- ref:0 ;
in:615 out:615 type:P dur:2 cpbdur:2 q:24.53 aq:16.01 tex:8669 mv:2666 misc:585 imb:24 pmb:288 smb:378 d:- ref:0 ;
in:616 out:616 type:P dur:2 cpbdur:2 q:24.49 aq:14.75 tex:12310 mv:3311 misc:635 imb:52 pmb:299 smb:339 d:- ref:0 ;
in:617 out:617 type:P dur:2 cpbdur:2 q:24.55 aq:16.87 tex:13162 mv:3240 misc:606 imb:46 pmb:293 smb:351 d:- ref:0 ;
in:618 out:618 type:P dur:2 cpbdur:2 q:24.52 aq:17.21 tex:8591 mv:2534 misc:643 imb:35 pmb:249 smb:406 d:- ref:0 ;
in:619 out:619 type:P dur:2 cpbdur:2 q:24.49 aq:17.69 tex:7418 mv:2621 misc:665 imb:51 pmb:236 smb:403 d:- ref:0 ;
in:620 out:620 type:P dur:2 cpbdur:2 q:24.46 aq:18.38 tex:6940 mv:2521 misc:707 imb:35 pmb:230 smb:425 d:- ref:0 ;
in:621 out:621 type:P dur:2 cpbdur:2 q:24.43 aq:18.01 tex:14211 mv:3191 misc:678 imb:96 pmb:231 smb:363 d:- ref:0 ;
in:622 out:622 type:P dur:2 cpbdur:2 q:24.40 aq:17.42 tex:22992 mv:4552 misc:592 imb:207 pmb:231 smb:252 d:- ref:0 ;
in:623 out:623 type:P dur:2 cpbdur:2 q:24.36 aq:16.68 tex:28885 mv:4920 misc:555 imb:207 pmb:279 smb:204 d:- ref:0 ;
in:624 out:624 type:P dur:2 cpbdur:2 q:24.33 aq:17.61 tex:13653 mv:3836 misc:751 imb:100 pmb:288 smb:302 d:- ref:0 ;
in:625 out:625 type:I dur:2 cpbdur:2 q:21.71 aq:14.89 tex:28119 mv:12393 misc:392 imb:690 pmb:0 smb:0 d:- ref:;
in:626 out:626 type:P dur:2 cpbdur:2 q:24.29 aq:17.29 tex:23389 mv:4487 misc:412 imb:353 pmb:131 smb:206 d:- ref:0 ;
in:627 out:627 type:P dur:2 cpbdur:2 q:24.30 aq:16.64 tex:27520 mv:6214 misc:442 imb:285 pmb:283 smb:122 d:- ref:0 ;
in:628 out:628 type:P dur:2 cpbdur:2 q:24.27 aq:17.18 tex:34575 mv:6937 misc:368 imb:326 pmb:302 smb:62 d:- ref:0 ;
in:629 out:629 type:P dur:2 cpbdur:2 q:24.28 aq:18.14 tex:44926 mv:7149 misc:357 imb:278 pmb:357 smb:55 d:- ref:0 ;
in:630 out:630 type:P dur:2 cpbdur:2 q:24.27 aq:18.47 tex:55901 mv:6393 misc:474 imb:198 pmb:356 smb:136 d:- ref:0 ;
in:631 out:631 type:P dur:2 cpbdur:2 q:24.27 aq:18.80 tex:43203 mv:5736 misc:565 imb:192 pmb:348 smb:150 d:- ref:0 ;
in:632 out:632 type:P dur:2 cpbdur:2 q:24.28 aq:19.24 tex:40247 mv:5238 misc:539 imb:111 pmb:389 smb:190 d:- ref:0 ;
in:633 out:633 type:P dur:2 cpbdur:2 q:24.31 aq:19.34 tex:42017 mv:5326 misc:529 imb:98 pmb:393 smb:199 d:- ref:0 ;
in:634 out:634 type:P dur:2 cpbdur:2 q:24.35 aq:18.83 tex:44494 mv:5954 misc:496 imb:133 pmb:441 smb:116 d:- ref:0 ;
in:635 out:635 type:P dur:2 cpbdur:2 q:24.38 aq:19.88 tex:36978 mv:5823 misc:599 imb:114 pmb:429 smb:147 d:- ref:0 ;
in:636 out:636 type:P dur:2 cpbdur:2 q:24.39 aq:20.63 tex:34589 mv:4911 misc:580 imb:105 pmb:368 smb:217 d:- ref:0 ;
in:637 out:637 type:P dur:2 cpbdur:2 q:24.41 aq:19.05 tex:86593 mv:7011 misc:236 imb:315 pmb:375 smb:0 d:- ref:0 w:3,9,-16,6,73,-19,74,-22 ;
in:638 out:638 type:P dur:2 cpbdur:2 q:24.44 aq:20.09 tex:54090 mv:5705 misc:509 imb:134 pmb:400 smb:156 d:- ref:0 ;
in:639 out:639 type:P dur:2 cpbdur:2 q:24.45 aq:18.87 tex:57968 mv:5905 misc:455 imb:143 pmb:419 smb:128 d:- ref:0 ;
in:640 out:640 type:P dur:2 cpbdur:2 q:24.46 aq:19.10 tex:44343 mv:5919 misc:578 imb:94 pmb:440 smb:156 d:- ref:0 ;
in:641 out:641 type:P dur:2 cpbdur:2 q:24.55 aq:19.78 tex:27780 mv:4774 misc:622 imb:57 pmb:430 smb:203 d:- ref:0 ;
in:642 out:642 type:P dur:2 cpbdur:2 q:24.59 aq:19.58 tex:30880 mv:6023 misc:497 imb:110 pmb:477 smb:103 d:- ref:0 ;
in:643 out:643 type:P dur:2 cpbdur:2 q:24.64 aq:19.63 tex:36550 mv:6070 misc:500 imb:109 pmb:457 smb:124 d:- ref:0 ;
in:644 out:644 type:P dur:2 cpbdur:2 q:24.66 aq:20.66 tex:34776 mv:5065 misc:631 imb:78 pmb:412 smb:200 d:- ref:0 ;
in:645 out:645 type:P dur:2 cpbdur:2 q:24.66 aq:20.46 tex:41666 mv:6235 misc:475 imb:117 pmb:464 smb:109 d:- ref:0 ;
in:646 out:646 type:P dur:2 cpbdur:2 q:24.66 aq:21.16 tex:30955 mv:5252 misc:617 imb:79 pmb:442 smb:169 d:- ref:0 ;
in:647 out:647 type:P dur:2 cpbdur:2 q:24.68 aq:21.94 tex:35372 mv:5852 misc:560 imb:128 pmb:426 smb:136 d:- ref:0 ;
in:648 out:648 type:P dur:2 cpbdur:2 q:24.69 aq:21.63 tex:40937 mv:6533 misc:402 imb:186 pmb:421 smb:83 d:- ref:0 ;
in:649 out:649 type:P dur:2 cpbdur:2 q:24.71 aq:20.93 tex:80079 mv:7350 misc:227 imb:355 pmb:334 smb:1 d:- ref:0 w:6,69,-13,6,73,-19,71,-15 ;
in:650 out:650 type:P dur:2 cpbdur:2 q:24.71 aq:21.11 tex:49878 mv:6532 misc:398 imb:209 pmb:404 smb:77 d:- ref:0 ;
in:651 out:651 type:P dur:2 cpbdur:2 q:24.72 aq:21.38 tex:29108 mv:5813 misc:527 imb:98 pmb:453 smb:139 d:- ref:0 ;
in:652 out:652 type:P dur:2 cpbdur:2 q:24.74 aq:22.31 tex:34076 mv:6020 misc:440 imb:139 pmb:425 smb:126 d:- ref:0 ;
in:653 out:653 type:P dur:2 cpbdur:2 q:24.82 aq:20.83 tex:50936 mv:6707 misc:301 imb:418 pmb:233 smb:39 d:- ref:0 ;
in:654 out:654 type:P dur:2 cpbdur:2 q:24.85 aq:19.65 tex:62753 mv:7597 misc:266 imb:231 pmb:436 smb:23 d:- ref:0 ;
in:655 out:655 type:P dur:2 cpbdur:2 q:24.86 aq:19.99 tex:41209 mv:6639 misc:456 imb:122 pmb:487 smb:81 d:- ref:0 ;
in:656 out:656 type:P dur:2 cpbdur:2 q:24.86 aq:21.24 tex:24739 mv:4994 misc:563 imb:67 pmb:453 smb:170 d:- ref:0 ;
in:657 out:657 type:P dur:2 cpbdur:2 q:24.90 aq:21.18 tex:41683 mv:6302 misc:407 imb:130 pmb:460 smb:100 d:- ref:0 ;
in:658 out:658 type:P dur:2 cpbdur:2 q:24.95 aq:20.50 tex:66458 mv:6853 misc:353 imb:212 pmb:426 smb:52 d:- ref:0 ;
in:659 out:659 type:P dur:2 cpbdur:2 q:24.97 aq:20.35 tex:51724 mv:6461 misc:471 imb:140 pmb:462 smb:88 d:- ref:0 ;
in:661 out:660 type:P dur:2 cpbdur:2 q:24.97 aq:18.53 tex:115330 mv:7585 misc:253 imb:291 pmb:399 smb:0 d:- ref:0 w:6,73,-17,6,73,-20,72,-16 ;
in:660 out:661 type:b dur:2 cpbdur:2 q:24.97 aq:23.93 tex:17646 mv:5809 misc:593 imb:33 pmb:490 smb:167 d:- ref:0 ;
in:662 out:662 type:P dur:2 cpbdur:2 q:25.04 aq:19.94 tex:17383 mv:4180 misc:661 imb:31 pmb:482 smb:177 d:- ref:0 ;
in:663 out:663 type:P dur:2 cpbdur:2 q:25.08 aq:19.57 tex:20783 mv:3934 misc:707 imb:57 pmb:396 smb:237 d:- ref:0 ;
in:664 out:664 type:P dur:2 cpbdur:2 q:25.20 aq:20.23 tex:18098 mv:4295 misc:719 imb:62 pmb:387 smb:241 d:- ref:0 ;
in:665 out:665 type:P dur:2 cpbdur:2 q:25.19 aq:19.67 tex:24926 mv:5118 misc:652 imb:99 pmb:425 smb:166 d:- ref:0 ;
in:666 out:666 type:P dur:2 cpbdur:2 q:25.17 aq:19.49 tex:21304 mv:5111 misc:593 imb:85 pmb:453 smb:152 d:- ref:0 ;
in:667 out:667 type:P dur:2 cpbdur:2 q:25.16 aq:19.82 tex:23246 mv:4874 misc:648 imb:93 pmb:420 smb:177 d:- ref:0 ;
in:668 out:668 type:P dur:2 cpbdur:2 q:25.15 aq:20.86 tex:18238 mv:4730 misc:680 imb:62 pmb:431 smb:197 d:- ref:0 ;
in:669 out:669 type:P dur:2 cpbdur:2 q:25.14 aq:20.99 tex:20412 mv:4740 misc:640 imb:115 pmb:383 smb:192 d:- ref:0 ;
in:670 out:670 type:P dur:2 cpbdur:2 q:25.13 aq:20.18 tex:33875 mv:5895 misc:542 imb:217 pmb:364 smb:109 d:- ref:0 ;
in:671 out:671 type:P dur:2 cpbdur:2 q:25.12 aq:20.80 tex:33242 mv:5824 misc:550 imb:142 pmb:407 smb:141 d:- ref:0 ;
in:672 out:672 type:P dur:2 cpbdur:2 q:25.11 aq:21.53 tex:28046 mv:5283 misc:575 imb:130 pmb:386 smb:174 d:- ref:0 ;
in:673 out:673 type:P dur:2 cpbdur:2 q:25.10 aq:18.38 tex:88257 mv:6805 misc:146 imb:437 pmb:253 smb:0 d:- ref:0 ;
in:674 out:674 type:P dur:2 cpbdur:2 q:25.11 aq:19.61 tex:25913 mv:4643 misc:588 imb:60 pmb:442 smb:188 d:- ref:0 ;
in:675 out:675 type:P dur:2 cpbdur:2 q:25.12 aq:17.98 tex:24180 mv:4387 misc:609 imb:85 pmb:407 smb:198 d:- ref:0 ;
in:676 out:676 type:P dur:2 cpbdur:2 q:25.12 aq:18.82 tex:28454 mv:4529 misc:601 imb:111 pmb:391 smb:188 d:- ref:0 ;
in:677 out:677 type:P dur:2 cpbdur:2 q:25.20 aq:19.18 tex:24851 mv:4034 misc:651 imb:58 pmb:396 smb:236 d:- ref:0 ;
in:678 out:678 type:P dur:2 cpbdur:2 q:25.20 aq:20.22 tex:17251 mv:3295 misc:734 imb:28 pmb:380 smb:282 d:- ref:0 ;
in:679 out:679 type:P dur:2 cpbdur:2 q:25.19 aq:19.79 tex:19338 mv:3590 misc:664 imb:50 pmb:374 smb:266 d:- ref:0 ;
in:680 out:680 type:P dur:2 cpbdur:2 q:25.19 aq:19.65 tex:18525 mv:3711 misc:692 imb:58 pmb:384 smb:248 d:- ref:0 ;
in:681 out:681 type:P dur:2 cpbdur:2 q:25.18 aq:20.44 tex:16182 mv:3725 misc:701 imb:57 pmb:390 smb:243 d:- ref:0 ;
in:682 out:682 type:P dur:2 cpbdur:2 q:25.17 aq:21.06 tex:19182 mv:5002 misc:624 imb:97 pmb:425 smb:168 d:- ref:0 ;
in:683 out:683 type:P dur:2 cpbdur:2 q:25.15 aq:20.85 tex:39152 mv:6450 misc:342 imb:339 pmb:307 smb:44 d:- ref:0 ;
in:684 out:684 type:P dur:2 cpbdur:2 q:25.14 aq:22.35 tex:33778 mv:5169 misc:557 imb:217 pmb:335 smb:138 d:- ref:0 ;
in:685 out:685 type:P dur:2 cpbdur:2 q:25.12 aq:21.45 tex:58081 mv:6361 misc:166 imb:480 pmb:210 smb:0 d:- ref:0 ;
in:686 out:686 type:P dur:2 cpbdur:2 q:25.11 aq:20.74 tex:57383 mv:6050 misc:351 imb:333 pmb:283 smb:74 d:- ref:0 ;
in:687 out:687 type:P dur:2 cpbdur:2 q:25.12 aq:20.43 tex:38726 mv:6125 misc:373 imb:221 pmb:402 smb:67 d:- ref:0 ;
in:688 out:688 type:P dur:2 cpbdur:2 q:25.13 aq:20.16 tex:44631 mv:6379 misc:342 imb:287 pmb:358 smb:45 d:- ref:0 ;
in:689 out:689 type:P dur:2 cpbdur:2 q:25.17 aq:21.21 tex:39478 mv:5211 misc:431 imb:174 pmb:388 smb:128 d:- ref:0 ;
in:690 out:690 type:P dur:2 cpbdur:2 q:25.21 aq:21.36 tex:44365 mv:6385 misc:378 imb:231 pmb:393 smb:66 d:- ref:0 ;
in:691 out:691 type:P dur:2 cpbdur:2 q:25.23 aq:21.14 tex:55523 mv:6568 misc:277 imb:321 pmb:332 smb:37 d:- ref:0 ;
in:693 out:692 type:P dur:2 cpbdur:2 q:25.25 aq:21.42 tex:57706 mv:6834 misc:284 imb:286 pmb:370 smb:34 d:- ref:0 ;
in:692 out:693 type:b dur:2 cpbdur:2 q:25.24 aq:23.83 tex:33795 mv:7624 misc:381 imb:138 pmb:476 smb:76 d:- ref:0 ;
in:694 out:694 type:P dur:2 cpbdur:2 q:25.29 aq:21.36 tex:53118 mv:6206 misc:332 imb:290 pmb:350 smb:50 d:- ref:0 ;
in:695 out:695 type:P dur:2 cpbdur:2 q:25.33 aq:21.99 tex:55600 mv:6260 misc:396 imb:266 pmb:350 smb:74 d:- ref:0 ;
in:696 out:696 type:P dur:2 cpbdur:2 q:25.37 aq:21.55 tex:58614 mv:6551 misc:339 imb:297 pmb:337 smb:56 d:- ref:0 ;
in:697 out:697 type:P dur:2 cpbdur:2 q:25.38 aq:20.13 tex:105550 mv:6893 misc:221 imb:336 pmb:354 smb:0 d:- ref:0 w:5,35,-13,6,75,-23,74,-21 ;
in:698 out:698 type:P dur:2 cpbdur:2 q:25.42 aq:19.45 tex:36201 mv:5806 misc:481 imb:137 pmb:467 smb:86 d:- ref:0 ;
in:699 out:699 type:P dur:2 cpbdur:2 q:25.45 aq:20.80 tex:28996 mv:4569 misc:595 imb:77 pmb:463 smb:150 d:- ref:0 ;
in:700 out:700 type:P dur:2 cpbdur:2 q:25.50 aq:20.79 tex:26391 mv:4255 misc:610 imb:57 pmb:467 smb:166 d:- ref:0 ;
in:701 out:701 type:P dur:2 cpbdur:2 q:25.60 aq:21.11 tex:31424 mv:5261 misc:515 imb:121 pmb:464 smb:105 d:- ref:0 ;
in:702 out:702 type:P dur:2 cpbdur:2 q:25.61 aq:19.78 tex:46937 mv:6245 misc:402 imb:191 pmb:436 smb:63 d:- ref:0 ;
in:703 out:703 type:P dur:2 cpbdur:2 q:25.61 aq:20.53 tex:30601 mv:4122 misc:605 imb:63 pmb:426 smb:201 d:- ref:0 ;
in:704 out:704 type:P dur:2 cpbdur:2 q:25.61 aq:20.52 tex:23203 mv:4313 misc:620 imb:61 pmb:438 smb:191 d:- ref:0 ;
in:705 out:705 type:P dur:2 cpbdur:2 q:25.61 aq:20.65 tex:22344 mv:3978 misc:622 imb:79 pmb:395 smb:216 d:- ref:0 ;
in:706 out:706 type:P dur:2 cpbdur:2 q:25.64 aq:20.21 tex:21563 mv:4119 misc:638 imb:53 pmb:426 smb:211 d:- ref:0 ;
in:707 out:707 type:P dur:2 cpbdur:2 q:25.64 aq:21.90 tex:22503 mv:4511 misc:626 imb:87 pmb:442 smb:161 d:- ref:0 ;
in:708 out:708 type:P dur:2 cpbdur:2 q:25.63 aq:22.08 tex:16222 mv:4094 misc:684 imb:71 pmb:401 smb:218 d:- ref:0 ;
in:709 out:709 type:P dur:2 cpbdur:2 q:25.63 aq:17.64 tex:107173 mv:6155 misc:136 imb:482 pmb:208 smb:0 d:- ref:0 ;
in:710 out:710 type:P dur:2 cpbdur:2 q:25.62 aq:18.78 tex:24961 mv:3895 misc:656 imb:52 pmb:430 smb:208 d:- ref:0 ;
in:711 out:711 type:P dur:2 cpbdur:2 q:25.61 aq:18.56 tex:29485 mv:3650 misc:649 imb:46 pmb:428 smb:216 d:- ref:0 ;
in:712 out:712 type:P dur:2 cpbdur:2 q:25.59 aq:18.87 tex:23660 mv:3636 misc:680 imb:43 pmb:416 smb:231 d:- ref:0 ;
in:713 out:713 type:P dur:2 cpbdur:2 q:25.70 aq:19.99 tex:20753 mv:3540 misc:659 imb:30 pmb:425 smb:235 d:- ref:0 ;
in:714 out:714 type:P dur:2 cpbdur:2 q:25.69 aq:20.65 tex:19236 mv:2818 misc:714 imb:19 pmb:370 smb:301 d:- ref:0 ;
in:715 out:715 type:P dur:2 cpbdur:2 q:25.69 aq:19.43 tex:18900 mv:2276 misc:712 imb:20 pmb:298 smb:372 d:- ref:0 ;
in:716 out:716 type:P dur:2 cpbdur:2 q:25.68 aq:20.94 tex:15026 mv:2776 misc:710 imb:18 pmb:354 smb:318 d:- ref:0 ;
in:717 out:717 type:P dur:2 cpbdur:2 q:25.67 aq:21.15 tex:17206 mv:3327 misc:715 imb:32 pmb:414 smb:244 d:- ref:0 ;
in:718 out:718 type:P dur:2 cpbdur:2 q:25.66 aq:21.11 tex:17096 mv:2838 misc:746 imb:20 pmb:362 smb:308 d:- ref:0 ;
in:719 out:719 type:P dur:2 cpbdur:2 q:25.64 aq:22.64 tex:15553 mv:3004 misc:747 imb:11 pmb:388 smb:291 d:- ref:0 ;
in:720 out:720 type:P dur:2 cpbdur:2 q:25.62 aq:22.99 tex:11349 mv:2678 misc:717 imb:23 pmb:336 smb:331 d:- ref:0 ;
in:721 out:721 type:P dur:2 cpbdur:2 q:25.60 aq:18.39 tex:130742 mv:6632 misc:154 imb:327 pmb:362 smb:1 d:- ref:0 ;
in:722 out:722 type:P dur:2 cpbdur:2 q:25.59 aq:19.00 tex:26536 mv:3779 misc:669 imb:26 pmb:464 smb:200 d:- ref:0 ;
in:723 out:723 type:P dur:2 cpbdur:2 q:25.57 aq:19.29 tex:24592 mv:3499 misc:693 imb:20 pmb:442 smb:228 d:- ref:0 ;
in:724 out:724 type:P dur:2 cpbdur:2 q:25.54 aq:19.97 tex:24253 mv:3032 misc:667 imb:15 pmb:397 smb:278 d:- ref:0 ;
in:725 out:725 type:P dur:2 cpbdur:2 q:25.68 aq:20.78 tex:17853 mv:1997 misc:646 imb:2 pmb:295 smb:393 d:- ref:0 ;
in:726 out:726 type:P dur:2 cpbdur:2 q:25.68 aq:20.47 tex:19551 mv:2410 misc:687 imb:11 pmb:335 smb:344 d:- ref:0 ;
in:727 out:727 type:P dur:2 cpbdur:2 q:25.67 aq:20.67 tex:21757 mv:3166 misc:661 imb:14 pmb:416 smb:260 d:- ref:0 ;
in:728 out:728 type:P dur:2 cpbdur:2 q:25.66 aq:21.12 tex:15254 mv:3136 misc:746 imb:11 pmb:408 smb:271 d:- ref:0 ;
in:729 out:729 type:P dur:2 cpbdur:2 q:25.64 aq:21.72 tex:17202 mv:2839 misc:727 imb:10 pmb:391 smb:289 d:- ref:0 ;
in:730 out:730 type:P dur:2 cpbdur:2 q:25.63 aq:21.32 tex:12233 mv:2349 misc:722 imb:7 pmb:311 smb:372 d:- ref:0 ;
in:731 out:731 type:P dur:2 cpbdur:2 q:25.62 aq:22.99 tex:10533 mv:2420 misc:703 imb:10 pmb:320 smb:360 d:- ref:0 ;
in:732 out:732 type:P dur:2 cpbdur:2 q:25.60 aq:22.74 tex:13058 mv:3092 misc:730 imb:18 pmb:389 smb:283 d:- ref:0 ;
in:733 out:733 type:P dur:2 cpbdur:2 q:25.58 aq:21.10 tex:99922 mv:6239 misc:191 imb:311 pmb:370 smb:9 d:- ref:0 ;
in:734 out:734 type:P dur:2 cpbdur:2 q:25.56 aq:22.47 tex:15783 mv:3380 misc:677 imb:22 pmb:451 smb:217 d:- ref:0 ;
in:735 out:735 type:P dur:2 cpbdur:2 q:25.53 aq:24.26 tex:13131 mv:2604 misc:697 imb:15 pmb:374 smb:301 d:- ref:0 ;
in:736 out:736 type:P dur:2 cpbdur:2 q:25.51 aq:25.25 tex:7739 mv:2974 misc:719 imb:18 pmb:373 smb:299 d:- ref:0 ;
